#
# A fatal error has been detected by the Java Runtime Environment:
#
#  SIGSEGV (0xb) at pc=0x00007f920ce958dc, pid=155999, tid=156026
#
# JRE version: OpenJDK Runtime Environment (17.0.8.1+1) (build 17.0.8.1+1-Ubuntu-0ubuntu122.04)
# Java VM: OpenJDK 64-Bit Server VM (17.0.8.1+1-Ubuntu-0ubuntu122.04, mixed mode, emulated-client, sharing, tiered, compressed oops, compressed class ptrs, g1 gc, linux-amd64)
# Problematic frame:
# V  [libjvm.so+0x4958dc]  BlockBegin::iterate_preorder(GrowableArray<bool>&, BlockClosure*)+0xbc
#
# Core dump will be written. Default location: Core dumps may be processed with "/usr/share/apport/apport -p%p -s%s -c%c -d%d -P%P -u%u -g%g -- %E" (or dumping to /devs/Epitech/Pre-MSc-Pro/T-WEB-501-LIL_4/TrabahoBack/core.155999)
#
# If you would like to submit a bug report, please visit:
#   Unknown
#

---------------  S U M M A R Y ------------

Command Line: -XX:TieredStopAtLevel=1 -Dspring.output.ansi.enabled=always -Dcom.sun.management.jmxremote -Dspring.jmx.enabled=true -Dspring.liveBeansView.mbeanDomain -Dspring.application.admin.enabled=true -Dmanagement.endpoints.jmx.exposure.include=* -javaagent:/opt/idea-IU-231.8770.65/lib/idea_rt.jar=44229:/opt/idea-IU-231.8770.65/bin -Dfile.encoding=UTF-8 com.example.trabaho.TrabahoApplication

Host: Intel(R) Core(TM) i7-8550U CPU @ 1.80GHz, 8 cores, 15G, Ubuntu 22.04.3 LTS
Time: Tue Oct 17 12:34:46 2023 CEST elapsed time: 11.467290 seconds (0d 0h 0m 11s)

---------------  T H R E A D  ---------------

Current thread (0x00007f92081864c0):  JavaThread "C1 CompilerThread0" daemon [_thread_in_native, id=156026, stack(0x00007f91f0000000,0x00007f91f0100000)]


Current CompileTask:
C1:  11467 4102       1       java.util.ServiceLoader$ModuleServicesLookupIterator::iteratorFor (191 bytes)

Stack: [0x00007f91f0000000,0x00007f91f0100000],  sp=0x00007f91f00fda10,  free space=1014k
Native frames: (J=compiled Java code, j=interpreted, Vv=VM code, C=native code)
V  [libjvm.so+0x4958dc]  BlockBegin::iterate_preorder(GrowableArray<bool>&, BlockClosure*)+0xbc
V  [libjvm.so+0x4958e9]  BlockBegin::iterate_preorder(GrowableArray<bool>&, BlockClosure*)+0xc9
V  [libjvm.so+0x4958e9]  BlockBegin::iterate_preorder(GrowableArray<bool>&, BlockClosure*)+0xc9
V  [libjvm.so+0x4958e9]  BlockBegin::iterate_preorder(GrowableArray<bool>&, BlockClosure*)+0xc9
V  [libjvm.so+0x4958e9]  BlockBegin::iterate_preorder(GrowableArray<bool>&, BlockClosure*)+0xc9
V  [libjvm.so+0x4958e9]  BlockBegin::iterate_preorder(GrowableArray<bool>&, BlockClosure*)+0xc9
V  [libjvm.so+0x4958a5]  BlockBegin::iterate_preorder(GrowableArray<bool>&, BlockClosure*)+0x85
V  [libjvm.so+0x4958e9]  BlockBegin::iterate_preorder(GrowableArray<bool>&, BlockClosure*)+0xc9
V  [libjvm.so+0x4958e9]  BlockBegin::iterate_preorder(GrowableArray<bool>&, BlockClosure*)+0xc9
V  [libjvm.so+0x4958e9]  BlockBegin::iterate_preorder(GrowableArray<bool>&, BlockClosure*)+0xc9
V  [libjvm.so+0x4958e9]  BlockBegin::iterate_preorder(GrowableArray<bool>&, BlockClosure*)+0xc9
V  [libjvm.so+0x4958e9]  BlockBegin::iterate_preorder(GrowableArray<bool>&, BlockClosure*)+0xc9
V  [libjvm.so+0x4958e9]  BlockBegin::iterate_preorder(GrowableArray<bool>&, BlockClosure*)+0xc9
V  [libjvm.so+0x4958e9]  BlockBegin::iterate_preorder(GrowableArray<bool>&, BlockClosure*)+0xc9
V  [libjvm.so+0x4958e9]  BlockBegin::iterate_preorder(GrowableArray<bool>&, BlockClosure*)+0xc9
V  [libjvm.so+0x4958e9]  BlockBegin::iterate_preorder(GrowableArray<bool>&, BlockClosure*)+0xc9
V  [libjvm.so+0x4958e9]  BlockBegin::iterate_preorder(GrowableArray<bool>&, BlockClosure*)+0xc9
V  [libjvm.so+0x4958e9]  BlockBegin::iterate_preorder(GrowableArray<bool>&, BlockClosure*)+0xc9
V  [libjvm.so+0x4958e9]  BlockBegin::iterate_preorder(GrowableArray<bool>&, BlockClosure*)+0xc9
V  [libjvm.so+0x495aa8]  BlockBegin::iterate_preorder(BlockClosure*)+0x98
V  [libjvm.so+0x48e0e9]  GraphBuilder::GraphBuilder(Compilation*, IRScope*)+0x359
V  [libjvm.so+0x49369a]  IRScope::IRScope(Compilation*, IRScope*, int, ciMethod*, int, bool)+0x1aa
V  [libjvm.so+0x493757]  IR::IR(Compilation*, ciMethod*, int)+0xa7
V  [libjvm.so+0x46d09f]  Compilation::build_hir() [clone .part.0]+0x17f
V  [libjvm.so+0x46ed9c]  Compilation::compile_java_method()+0x3bc
V  [libjvm.so+0x46ef02]  Compilation::compile_method()+0x112
V  [libjvm.so+0x46f2c8]  Compilation::Compilation(AbstractCompiler*, ciEnv*, ciMethod*, int, BufferBlob*, bool, DirectiveSet*)+0x208
V  [libjvm.so+0x46fe21]  Compiler::compile_method(ciEnv*, ciMethod*, int, bool, DirectiveSet*)+0xb1
V  [libjvm.so+0x5e591d]  CompileBroker::invoke_compiler_on_method(CompileTask*)+0xd3d
V  [libjvm.so+0x5e6698]  CompileBroker::compiler_thread_loop()+0x628
V  [libjvm.so+0xed406e]  JavaThread::thread_main_inner()+0xce
V  [libjvm.so+0xed7834]  Thread::call_run()+0xc4
V  [libjvm.so+0xc326c9]  thread_native_entry(Thread*)+0xe9


siginfo: si_signo: 11 (SIGSEGV), si_code: 1 (SEGV_MAPERR), si_addr: 0x000000036062eb78

Register to memory mapping:

RAX=0x0 is NULL
RBX=0x000000036062eb78 is an unknown value
RCX=0x000000006c0c5d6f is an unknown value
RDX=0x00007f91f00fe090 is pointing into the stack for thread: 0x00007f92081864c0
RSP=0x00007f91f00fda10 is pointing into the stack for thread: 0x00007f92081864c0
RBP=0x00007f91f00fda50 is pointing into the stack for thread: 0x00007f92081864c0
RSI=0x00007f91f00fe010 is pointing into the stack for thread: 0x00007f92081864c0
RDI=0x00007f916c0d76d0 points into unknown readable memory: 0x00007f920dc5f0d0 | d0 f0 c5 0d 92 7f 00 00
R8 =0x00000000000000b0 is an unknown value
R9 =0x0000000000000001 is an unknown value
R10=0x00007f916c0c6380 points into unknown readable memory: 0x0000000000000003 | 03 00 00 00 00 00 00 00
R11=0x0 is NULL
R12=0x00007f91f00fe010 is pointing into the stack for thread: 0x00007f92081864c0
R13=0x00007f91f00fe090 is pointing into the stack for thread: 0x00007f92081864c0
R14=0x00007f916c0d9310 points into unknown readable memory: 0x00007f920dce7948 | 48 79 ce 0d 92 7f 00 00
R15=0xfffffffffffffff8 is an unknown value


Registers:
RAX=0x0000000000000000, RBX=0x000000036062eb78, RCX=0x000000006c0c5d6f, RDX=0x00007f91f00fe090
RSP=0x00007f91f00fda10, RBP=0x00007f91f00fda50, RSI=0x00007f91f00fe010, RDI=0x00007f916c0d76d0
R8 =0x00000000000000b0, R9 =0x0000000000000001, R10=0x00007f916c0c6380, R11=0x0000000000000000
R12=0x00007f91f00fe010, R13=0x00007f91f00fe090, R14=0x00007f916c0d9310, R15=0xfffffffffffffff8
RIP=0x00007f920ce958dc, EFLAGS=0x0000000000010206, CSGSFS=0x002b000000000033, ERR=0x0000000000000004
  TRAPNO=0x000000000000000e

Top of Stack: (sp=0x00007f91f00fda10)
0x00007f91f00fda10:   00007f91f00fda50 00007f91f00fe090
0x00007f91f00fda20:   00007f917c0be7e0 fffffffffffffff8
0x00007f91f00fda30:   00007f91f00fe010 00007f91f00fe090
0x00007f91f00fda40:   00007f916c0d9050 fffffffffffffff8 

Instructions: (pc=0x00007f920ce958dc)
0x00007f920ce957dc:   00 00 00 00 48 8b 8f c0 00 00 00 83 c0 01 4c 8b
0x00007f920ce957ec:   04 11 4c 89 44 11 f8 8b 8f b8 00 00 00 48 83 c2
0x00007f920ce957fc:   08 39 c8 7c df 83 e9 01 89 8f b8 00 00 00 85 c9
0x00007f920ce9580c:   0f 8f 76 ff ff ff c3 0f 1f 44 00 00 c3 90 66 0f
0x00007f920ce9581c:   1f 44 00 00 f3 0f 1e fa 55 48 89 e5 41 57 41 56
0x00007f920ce9582c:   41 55 49 89 d5 41 54 53 48 83 ec 18 48 63 57 68
0x00007f920ce9583c:   48 03 56 08 80 3a 00 0f 85 af 00 00 00 c6 02 01
0x00007f920ce9584c:   49 8b 55 00 49 89 ff 49 89 f4 48 89 fe 4c 89 ef
0x00007f920ce9585c:   ff 12 49 63 97 f8 00 00 00 4d 8b b7 f0 00 00 00
0x00007f920ce9586c:   89 d1 83 e9 01 78 38 48 63 d9 89 c9 48 29 ca 48
0x00007f920ce9587c:   c1 e3 03 48 8d 04 d5 f0 ff ff ff 48 89 45 c8 49
0x00007f920ce9588c:   8b 97 00 01 00 00 4c 89 e6 48 8b 3c 1a 4c 89 ea
0x00007f920ce9589c:   48 83 eb 08 e8 7b ff ff ff 48 39 5d c8 75 e0 49
0x00007f920ce958ac:   8b 46 68 48 85 c0 74 44 48 63 10 89 d1 83 e9 01
0x00007f920ce958bc:   78 3a 48 63 d9 89 c9 48 29 ca 48 c1 e3 03 4c 8d
0x00007f920ce958cc:   3c d5 f0 ff ff ff 48 8b 40 08 4c 89 ea 4c 89 e6
0x00007f920ce958dc:   48 8b 3c 18 48 83 eb 08 e8 37 ff ff ff 4c 39 fb
0x00007f920ce958ec:   74 0a 49 8b 46 68 eb de 0f 1f 40 00 48 83 c4 18
0x00007f920ce958fc:   5b 41 5c 41 5d 41 5e 41 5f 5d c3 90 0f 1f 84 00
0x00007f920ce9590c:   00 00 00 00 f3 0f 1e fa 48 63 47 68 48 03 46 08
0x00007f920ce9591c:   80 38 00 0f 85 db 00 00 00 55 48 89 e5 41 57 41
0x00007f920ce9592c:   56 49 89 fe 41 55 49 89 f5 41 54 49 89 d4 53 48
0x00007f920ce9593c:   83 ec 18 c6 00 01 48 8b 87 f0 00 00 00 48 89 45
0x00007f920ce9594c:   c8 48 63 87 f8 00 00 00 89 c2 83 ea 01 78 33 48
0x00007f920ce9595c:   63 da 89 d2 48 29 d0 48 c1 e3 03 4c 8d 3c c5 f0
0x00007f920ce9596c:   ff ff ff 49 8b 86 00 01 00 00 4c 89 e2 4c 89 ee
0x00007f920ce9597c:   48 8b 3c 18 48 83 eb 08 e8 87 ff ff ff 49 39 df
0x00007f920ce9598c:   75 e1 48 8b 45 c8 48 8b 40 68 48 85 c0 74 45 48
0x00007f920ce9599c:   63 10 89 d1 83 e9 01 78 3b 48 63 d9 89 c9 48 29
0x00007f920ce959ac:   ca 48 c1 e3 03 4c 8d 3c d5 f0 ff ff ff 48 8b 40
0x00007f920ce959bc:   08 4c 89 e2 4c 89 ee 48 8b 3c 18 48 83 eb 08 e8
0x00007f920ce959cc:   40 ff ff ff 4c 39 fb 74 0b 48 8b 45 c8 48 8b 40 


Stack slot to memory mapping:
stack at sp + 0 slots: 0x00007f91f00fda50 is pointing into the stack for thread: 0x00007f92081864c0
stack at sp + 1 slots: 0x00007f91f00fe090 is pointing into the stack for thread: 0x00007f92081864c0
stack at sp + 2 slots: 0x00007f917c0be7e0 points into unknown readable memory: 0x00007f920dc5fae8 | e8 fa c5 0d 92 7f 00 00
stack at sp + 3 slots: 0xfffffffffffffff8 is an unknown value
stack at sp + 4 slots: 0x00007f91f00fe010 is pointing into the stack for thread: 0x00007f92081864c0
stack at sp + 5 slots: 0x00007f91f00fe090 is pointing into the stack for thread: 0x00007f92081864c0
stack at sp + 6 slots: 0x00007f916c0d9050 points into unknown readable memory: 0x00007f920dce7948 | 48 79 ce 0d 92 7f 00 00
stack at sp + 7 slots: 0xfffffffffffffff8 is an unknown value


---------------  P R O C E S S  ---------------

Threads class SMR info:
_java_thread_list=0x00007f910c000b70, length=25, elements={
0x00007f9208018090, 0x00007f920817ab10, 0x00007f920817bf00, 0x00007f9208182760,
0x00007f9208183b20, 0x00007f9208184f40, 0x00007f92081864c0, 0x00007f9208187930,
0x00007f9208193070, 0x00007f917c0b55d0, 0x00007f917c0b6c00, 0x00007f9208509190,
0x00007f920850a8e0, 0x00007f92085c27a0, 0x00007f9180000fe0, 0x00007f91580097b0,
0x00007f9154078990, 0x00007f920874b200, 0x00007f9130001ef0, 0x00007f91349b5c30,
0x00007f912400b9e0, 0x00007f91349b6d30, 0x00007f9134c80210, 0x00007f9134c81a10,
0x00007f91140012d0
}

Java Threads: ( => current thread )
  0x00007f9208018090 JavaThread "main" [_thread_blocked, id=156003, stack(0x00007f920c500000,0x00007f920c600000)]
  0x00007f920817ab10 JavaThread "Reference Handler" daemon [_thread_blocked, id=156021, stack(0x00007f91f0dc5000,0x00007f91f0ec5000)]
  0x00007f920817bf00 JavaThread "Finalizer" daemon [_thread_blocked, id=156022, stack(0x00007f91f0cc5000,0x00007f91f0dc5000)]
  0x00007f9208182760 JavaThread "Signal Dispatcher" daemon [_thread_blocked, id=156023, stack(0x00007f91f0300000,0x00007f91f0400000)]
  0x00007f9208183b20 JavaThread "Service Thread" daemon [_thread_blocked, id=156024, stack(0x00007f91f0200000,0x00007f91f0300000)]
  0x00007f9208184f40 JavaThread "Monitor Deflation Thread" daemon [_thread_blocked, id=156025, stack(0x00007f91f0100000,0x00007f91f0200000)]
=>0x00007f92081864c0 JavaThread "C1 CompilerThread0" daemon [_thread_in_native, id=156026, stack(0x00007f91f0000000,0x00007f91f0100000)]
  0x00007f9208187930 JavaThread "Sweeper thread" daemon [_thread_blocked, id=156027, stack(0x00007f9196f00000,0x00007f9197000000)]
  0x00007f9208193070 JavaThread "Common-Cleaner" daemon [_thread_blocked, id=156031, stack(0x00007f9196e00000,0x00007f9196f00000)]
  0x00007f917c0b55d0 JavaThread "C1 CompilerThread1" daemon [_thread_blocked, id=156032, stack(0x00007f9196d00000,0x00007f9196e00000)]
  0x00007f917c0b6c00 JavaThread "C1 CompilerThread2" daemon [_thread_blocked, id=156033, stack(0x00007f9196c00000,0x00007f9196d00000)]
  0x00007f9208509190 JavaThread "Monitor Ctrl-Break" daemon [_thread_in_native, id=156034, stack(0x00007f9196b00000,0x00007f9196c00000)]
  0x00007f920850a8e0 JavaThread "Notification Thread" daemon [_thread_blocked, id=156035, stack(0x00007f9196a00000,0x00007f9196b00000)]
  0x00007f92085c27a0 JavaThread "RMI TCP Accept-0" daemon [_thread_in_native, id=156046, stack(0x00007f9196900000,0x00007f9196a00000)]
  0x00007f9180000fe0 JavaThread "Attach Listener" daemon [_thread_blocked, id=156048, stack(0x00007f91966fe000,0x00007f91967fe000)]
  0x00007f91580097b0 JavaThread "RMI TCP Connection(1)-127.0.0.1" daemon [_thread_in_native, id=156054, stack(0x00007f91965fe000,0x00007f91966fe000)]
  0x00007f9154078990 JavaThread "RMI Scheduler(0)" daemon [_thread_blocked, id=156055, stack(0x00007f91964fe000,0x00007f91965fe000)]
  0x00007f920874b200 JavaThread "Thread-0" [_thread_blocked, id=156064, stack(0x00007f91963fe000,0x00007f91964fe000)]
  0x00007f9130001ef0 JavaThread "restartedMain" [_thread_in_Java, id=156065, stack(0x00007f9195df4000,0x00007f9195ef4000)]
  0x00007f91349b5c30 JavaThread "Catalina-utility-1" [_thread_blocked, id=156119, stack(0x00007f9195cf4000,0x00007f9195df4000)]
  0x00007f912400b9e0 JavaThread "Catalina-utility-2" [_thread_blocked, id=156120, stack(0x00007f91959f0000,0x00007f9195af0000)]
  0x00007f91349b6d30 JavaThread "container-0" [_thread_blocked, id=156122, stack(0x00007f91957ee000,0x00007f91958ee000)]
  0x00007f9134c80210 JavaThread "PostgreSQL-JDBC-Cleaner" daemon [_thread_blocked, id=156133, stack(0x00007f91956ee000,0x00007f91957ee000)]
  0x00007f9134c81a10 JavaThread "HikariPool-1 housekeeper" daemon [_thread_blocked, id=156136, stack(0x00007f91955ee000,0x00007f91956ee000)]
  0x00007f91140012d0 JavaThread "HikariPool-1 connection adder" daemon [_thread_in_native, id=156137, stack(0x00007f91954ee000,0x00007f91955ee000)]

Other Threads:
  0x00007f9208176a40 VMThread "VM Thread" [stack: 0x00007f91f0ec7000,0x00007f91f0fc7000] [id=156020]
  0x00007f920856fcf0 WatcherThread [stack: 0x00007f9196800000,0x00007f9196900000] [id=156047]
  0x00007f92080828b0 GCTaskThread "GC Thread#0" [stack: 0x00007f91f3caa000,0x00007f91f3daa000] [id=156006]
  0x00007f9190005fc0 GCTaskThread "GC Thread#1" [stack: 0x00007f91962fe000,0x00007f91963fe000] [id=156058]
  0x00007f9190006740 GCTaskThread "GC Thread#2" [stack: 0x00007f91961fc000,0x00007f91962fc000] [id=156059]
  0x00007f9190006fb0 GCTaskThread "GC Thread#3" [stack: 0x00007f91960fa000,0x00007f91961fa000] [id=156060]
  0x00007f91900079e0 GCTaskThread "GC Thread#4" [stack: 0x00007f9195ff8000,0x00007f91960f8000] [id=156061]
  0x00007f9190008410 GCTaskThread "GC Thread#5" [stack: 0x00007f9195ef6000,0x00007f9195ff6000] [id=156062]
  0x00007f919000e460 GCTaskThread "GC Thread#6" [stack: 0x00007f9195bf4000,0x00007f9195cf4000] [id=156079]
  0x00007f919000f360 GCTaskThread "GC Thread#7" [stack: 0x00007f9195af2000,0x00007f9195bf2000] [id=156080]
  0x00007f92080936c0 ConcurrentGCThread "G1 Main Marker" [stack: 0x00007f91f3ba8000,0x00007f91f3ca8000] [id=156007]
  0x00007f9208094630 ConcurrentGCThread "G1 Conc#0" [stack: 0x00007f91f3aa6000,0x00007f91f3ba6000] [id=156008]
  0x00007f91e4000ea0 ConcurrentGCThread "G1 Conc#1" [stack: 0x00007f91958f0000,0x00007f91959f0000] [id=156099]
  0x00007f9208149260 ConcurrentGCThread "G1 Refine#0" [stack: 0x00007f91f119c000,0x00007f91f129c000] [id=156009]
  0x00007f920814a150 ConcurrentGCThread "G1 Service" [stack: 0x00007f91f109a000,0x00007f91f119a000] [id=156010]

Threads with active compile tasks:
C1 CompilerThread0    11523 4102       1       java.util.ServiceLoader$ModuleServicesLookupIterator::iteratorFor (191 bytes)

VM state: not at safepoint (normal execution)

VM Mutex/Monitor currently owned by a thread: None

Heap address: 0x0000000707e00000, size: 3970 MB, Compressed Oops mode: Zero based, Oop shift amount: 3

CDS archive(s) mapped at: [0x00007f919b000000-0x00007f919bbeb000-0x00007f919bbeb000), size 12496896, SharedBaseAddress: 0x00007f919b000000, ArchiveRelocationMode: 1.
Compressed class space mapped at: 0x00007f919c000000-0x00007f91dc000000, reserved size: 1073741824
Narrow klass base: 0x00007f919b000000, Narrow klass shift: 0, Narrow klass range: 0x100000000

GC Precious Log:
 CPUs: 8 total, 8 available
 Memory: 15877M
 Large Page Support: Disabled
 NUMA Support: Disabled
 Compressed Oops: Enabled (Zero based)
 Heap Region Size: 2M
 Heap Min Capacity: 8M
 Heap Initial Capacity: 250M
 Heap Max Capacity: 3970M
 Pre-touch: Disabled
 Parallel Workers: 8
 Concurrent Workers: 2
 Concurrent Refinement Workers: 8
 Periodic GC: Disabled

Heap:
 garbage-first heap   total 90112K, used 43385K [0x0000000707e00000, 0x0000000800000000)
  region size 2048K, 14 young (28672K), 2 survivors (4096K)
 Metaspace       used 40753K, committed 41280K, reserved 1114112K
  class space    used 5733K, committed 5952K, reserved 1048576K

Heap Regions: E=young(eden), S=young(survivor), O=old, HS=humongous(starts), HC=humongous(continues), CS=collection set, F=free, OA=open archive, CA=closed archive, TAMS=top-at-mark-start (previous, next)
|   0|0x0000000707e00000, 0x0000000708000000, 0x0000000708000000|100%| O|  |TAMS 0x0000000708000000, 0x0000000707e00000| Untracked 
|   1|0x0000000708000000, 0x0000000708200000, 0x0000000708200000|100%| O|  |TAMS 0x0000000708200000, 0x0000000708000000| Untracked 
|   2|0x0000000708200000, 0x0000000708400000, 0x0000000708400000|100%| O|  |TAMS 0x0000000708400000, 0x0000000708200000| Untracked 
|   3|0x0000000708400000, 0x0000000708400000, 0x0000000708600000|  0%| F|  |TAMS 0x0000000708400000, 0x0000000708400000| Untracked 
|   4|0x0000000708600000, 0x0000000708800000, 0x0000000708800000|100%| O|  |TAMS 0x0000000708800000, 0x0000000708600000| Untracked 
|   5|0x0000000708800000, 0x0000000708a00000, 0x0000000708a00000|100%| O|  |TAMS 0x0000000708a00000, 0x0000000708800000| Untracked 
|   6|0x0000000708a00000, 0x0000000708c00000, 0x0000000708c00000|100%| O|  |TAMS 0x0000000708c00000, 0x0000000708a00000| Untracked 
|   7|0x0000000708c00000, 0x0000000708e00000, 0x0000000708e00000|100%| O|  |TAMS 0x0000000708e00000, 0x0000000708c00000| Untracked 
|   8|0x0000000708e00000, 0x0000000708eec000, 0x0000000709000000| 46%| O|  |TAMS 0x0000000708eec000, 0x0000000708e00000| Complete 
|   9|0x0000000709000000, 0x0000000709000000, 0x0000000709200000|  0%| F|  |TAMS 0x0000000709000000, 0x0000000709000000| Untracked 
|  10|0x0000000709200000, 0x0000000709200000, 0x0000000709400000|  0%| F|  |TAMS 0x0000000709200000, 0x0000000709200000| Untracked 
|  11|0x0000000709400000, 0x0000000709400000, 0x0000000709600000|  0%| F|  |TAMS 0x0000000709400000, 0x0000000709400000| Untracked 
|  12|0x0000000709600000, 0x0000000709600000, 0x0000000709800000|  0%| F|  |TAMS 0x0000000709600000, 0x0000000709600000| Untracked 
|  13|0x0000000709800000, 0x0000000709800000, 0x0000000709a00000|  0%| F|  |TAMS 0x0000000709800000, 0x0000000709800000| Untracked 
|  14|0x0000000709a00000, 0x0000000709a00000, 0x0000000709c00000|  0%| F|  |TAMS 0x0000000709a00000, 0x0000000709a00000| Untracked 
|  15|0x0000000709c00000, 0x0000000709c00000, 0x0000000709e00000|  0%| F|  |TAMS 0x0000000709c00000, 0x0000000709c00000| Untracked 
|  16|0x0000000709e00000, 0x0000000709e00000, 0x000000070a000000|  0%| F|  |TAMS 0x0000000709e00000, 0x0000000709e00000| Untracked 
|  17|0x000000070a000000, 0x000000070a000000, 0x000000070a200000|  0%| F|  |TAMS 0x000000070a000000, 0x000000070a000000| Untracked 
|  18|0x000000070a200000, 0x000000070a200000, 0x000000070a400000|  0%| F|  |TAMS 0x000000070a200000, 0x000000070a200000| Untracked 
|  19|0x000000070a400000, 0x000000070a400000, 0x000000070a600000|  0%| F|  |TAMS 0x000000070a400000, 0x000000070a400000| Untracked 
|  20|0x000000070a600000, 0x000000070a600000, 0x000000070a800000|  0%| F|  |TAMS 0x000000070a600000, 0x000000070a600000| Untracked 
|  21|0x000000070a800000, 0x000000070a800000, 0x000000070aa00000|  0%| F|  |TAMS 0x000000070a800000, 0x000000070a800000| Untracked 
|  22|0x000000070aa00000, 0x000000070aa00000, 0x000000070ac00000|  0%| F|  |TAMS 0x000000070aa00000, 0x000000070aa00000| Untracked 
|  23|0x000000070ac00000, 0x000000070ac00000, 0x000000070ae00000|  0%| F|  |TAMS 0x000000070ac00000, 0x000000070ac00000| Untracked 
|  24|0x000000070ae00000, 0x000000070ae00000, 0x000000070b000000|  0%| F|  |TAMS 0x000000070ae00000, 0x000000070ae00000| Untracked 
|  25|0x000000070b000000, 0x000000070b000000, 0x000000070b200000|  0%| F|  |TAMS 0x000000070b000000, 0x000000070b000000| Untracked 
|  26|0x000000070b200000, 0x000000070b200000, 0x000000070b400000|  0%| F|  |TAMS 0x000000070b200000, 0x000000070b200000| Untracked 
|  27|0x000000070b400000, 0x000000070b400000, 0x000000070b600000|  0%| F|  |TAMS 0x000000070b400000, 0x000000070b400000| Untracked 
|  28|0x000000070b600000, 0x000000070b75da88, 0x000000070b800000| 68%| E|  |TAMS 0x000000070b600000, 0x000000070b600000| Complete 
|  29|0x000000070b800000, 0x000000070ba00000, 0x000000070ba00000|100%| E|CS|TAMS 0x000000070b800000, 0x000000070b800000| Complete 
|  30|0x000000070ba00000, 0x000000070bc00000, 0x000000070bc00000|100%| E|CS|TAMS 0x000000070ba00000, 0x000000070ba00000| Complete 
|  31|0x000000070bc00000, 0x000000070be00000, 0x000000070be00000|100%| E|CS|TAMS 0x000000070bc00000, 0x000000070bc00000| Complete 
|  32|0x000000070be00000, 0x000000070c000000, 0x000000070c000000|100%| E|CS|TAMS 0x000000070be00000, 0x000000070be00000| Complete 
|  33|0x000000070c000000, 0x000000070c200000, 0x000000070c200000|100%| E|CS|TAMS 0x000000070c000000, 0x000000070c000000| Complete 
|  34|0x000000070c200000, 0x000000070c400000, 0x000000070c400000|100%| E|CS|TAMS 0x000000070c200000, 0x000000070c200000| Complete 
|  35|0x000000070c400000, 0x000000070c600000, 0x000000070c600000|100%| E|CS|TAMS 0x000000070c400000, 0x000000070c400000| Complete 
|  36|0x000000070c600000, 0x000000070c800000, 0x000000070c800000|100%| E|CS|TAMS 0x000000070c600000, 0x000000070c600000| Complete 
|  37|0x000000070c800000, 0x000000070ca00000, 0x000000070ca00000|100%| E|CS|TAMS 0x000000070c800000, 0x000000070c800000| Complete 
|  38|0x000000070ca00000, 0x000000070cc00000, 0x000000070cc00000|100%| E|CS|TAMS 0x000000070ca00000, 0x000000070ca00000| Complete 
|  46|0x000000070da00000, 0x000000070db77590, 0x000000070dc00000| 73%| S|CS|TAMS 0x000000070da00000, 0x000000070da00000| Complete 
|  47|0x000000070dc00000, 0x000000070de00000, 0x000000070de00000|100%| S|CS|TAMS 0x000000070dc00000, 0x000000070dc00000| Complete 
| 124|0x0000000717600000, 0x0000000717800000, 0x0000000717800000|100%| E|CS|TAMS 0x0000000717600000, 0x0000000717600000| Complete 
|1983|0x00000007ffc00000, 0x00000007ffd77000, 0x00000007ffe00000| 73%|OA|  |TAMS 0x00000007ffd77000, 0x00000007ffc00000| Untracked 
|1984|0x00000007ffe00000, 0x00000007ffe84000, 0x0000000800000000| 25%|CA|  |TAMS 0x00000007ffe84000, 0x00000007ffe00000| Untracked 

Card table byte_map: [0x00007f91fc17b000,0x00007f91fc93c000] _byte_map_base: 0x00007f91f893c000

Marking Bits (Prev, Next): (CMBitMap*) 0x00007f9208083330, (CMBitMap*) 0x00007f9208083370
 Prev Bits: [0x00007f91f7bb2000, 0x00007f91fb9ba000)
 Next Bits: [0x00007f91f3daa000, 0x00007f91f7bb2000)

Polling page: 0x00007f920e0bd000

Metaspace:

Usage:
  Non-class:     34,23 MB used.
      Class:      5,60 MB used.
       Both:     39,83 MB used.

Virtual space:
  Non-class space:       64,00 MB reserved,      34,50 MB ( 54%) committed,  1 nodes.
      Class space:        1,00 GB reserved,       5,81 MB ( <1%) committed,  1 nodes.
             Both:        1,06 GB reserved,      40,31 MB (  4%) committed. 

Chunk freelists:
   Non-Class:  12,89 MB
       Class:  10,05 MB
        Both:  22,94 MB

MaxMetaspaceSize: unlimited
CompressedClassSpaceSize: 1,00 GB
Initial GC threshold: 21,00 MB
Current GC threshold: 59,31 MB
CDS: on
MetaspaceReclaimPolicy: balanced
 - commit_granule_bytes: 65536.
 - commit_granule_words: 8192.
 - virtual_space_node_default_size: 8388608.
 - enlarge_chunks_in_place: 1.
 - new_chunks_are_fully_committed: 0.
 - uncommit_free_chunks: 1.
 - use_allocation_guard: 0.
 - handle_deallocations: 1.


Internal statistics:

num_allocs_failed_limit: 9.
num_arena_births: 642.
num_arena_deaths: 0.
num_vsnodes_births: 2.
num_vsnodes_deaths: 0.
num_space_committed: 645.
num_space_uncommitted: 0.
num_chunks_returned_to_freelist: 9.
num_chunks_taken_from_freelist: 2106.
num_chunk_merges: 6.
num_chunk_splits: 1483.
num_chunks_enlarged: 1117.
num_inconsistent_stats: 0.

CodeCache: size=49152Kb used=8700Kb max_used=8700Kb free=40451Kb
 bounds [0x00007f91fd400000, 0x00007f91fdc80000, 0x00007f9200400000]
 total_blobs=4663 nmethods=4103 adapters=486
 compilation: enabled
              stopped_count=0, restarted_count=0
 full_count=0

Compilation events (20 events):
Event: 11,417 Thread 0x00007f917c0b6c00 4094       1       java.security.Provider::getName (5 bytes)
Event: 11,418 Thread 0x00007f917c0b6c00 nmethod 4094 0x00007f91fdc7b610 code [0x00007f91fdc7b7a0, 0x00007f91fdc7b870]
Event: 11,418 Thread 0x00007f917c0b55d0 nmethod 4093 0x00007f91fdc7b910 code [0x00007f91fdc7bac0, 0x00007f91fdc7bc20]
Event: 11,418 Thread 0x00007f92081864c0 4095  s    1       sun.security.provider.SecureRandom::engineNextBytes (242 bytes)
Event: 11,420 Thread 0x00007f917c0b6c00 4096       1       org.postgresql.shaded.com.ongres.stringprep.StringPrep::prohibitionChangeDisplayProperties (111 bytes)
Event: 11,421 Thread 0x00007f917c0b6c00 nmethod 4096 0x00007f91fdc7bc90 code [0x00007f91fdc7be20, 0x00007f91fdc7bf90]
Event: 11,421 Thread 0x00007f92081864c0 nmethod 4095 0x00007f91fdc7c010 code [0x00007f91fdc7c240, 0x00007f91fdc7ca50]
Event: 11,431 Thread 0x00007f92081864c0 4097       1       org.hibernate.annotations.common.reflection.java.JavaXAnnotatedElement::getAnnotations (10 bytes)
Event: 11,431 Thread 0x00007f917c0b55d0 4098       1       org.hibernate.annotations.common.reflection.java.JavaAnnotationReader::getAnnotations (10 bytes)
Event: 11,431 Thread 0x00007f917c0b6c00 4099       1       org.hibernate.type.descriptor.java.AbstractClassJavaType::getJavaType (5 bytes)
Event: 11,432 Thread 0x00007f917c0b6c00 nmethod 4099 0x00007f91fdc7cf90 code [0x00007f91fdc7d120, 0x00007f91fdc7d1f0]
Event: 11,432 Thread 0x00007f917c0b55d0 nmethod 4098 0x00007f91fdc7d290 code [0x00007f91fdc7d440, 0x00007f91fdc7d520]
Event: 11,432 Thread 0x00007f917c0b6c00 4101       1       org.hibernate.annotations.common.reflection.java.JavaXMember::getAnnotations (5 bytes)
Event: 11,432 Thread 0x00007f917c0b55d0 4100       1       java.lang.Boolean::parseBoolean (7 bytes)
Event: 11,432 Thread 0x00007f917c0b55d0 nmethod 4100 0x00007f91fdc7d590 code [0x00007f91fdc7d720, 0x00007f91fdc7d7e0]
Event: 11,432 Thread 0x00007f92081864c0 nmethod 4097 0x00007f91fdc7d890 code [0x00007f91fdc7da40, 0x00007f91fdc7dc70]
Event: 11,433 Thread 0x00007f917c0b6c00 nmethod 4101 0x00007f91fdc7de10 code [0x00007f91fdc7dfc0, 0x00007f91fdc7e1f0]
Event: 11,439 Thread 0x00007f92081864c0 4102       1       java.util.ServiceLoader$ModuleServicesLookupIterator::iteratorFor (191 bytes)
Event: 11,439 Thread 0x00007f917c0b6c00 4103       1       org.hibernate.boot.internal.InFlightMetadataCollectorImpl::getDatabase (27 bytes)
Event: 11,440 Thread 0x00007f917c0b6c00 nmethod 4103 0x00007f91fdc7e390 code [0x00007f91fdc7e560, 0x00007f91fdc7e850]

GC Heap History (16 events):
Event: 2,053 GC heap before
{Heap before GC invocations=0 (full 0):
 garbage-first heap   total 260096K, used 22508K [0x0000000707e00000, 0x0000000800000000)
  region size 2048K, 11 young (22528K), 0 survivors (0K)
 Metaspace       used 7347K, committed 7552K, reserved 1114112K
  class space    used 928K, committed 1024K, reserved 1048576K
}
Event: 2,072 GC heap after
{Heap after GC invocations=1 (full 0):
 garbage-first heap   total 260096K, used 9955K [0x0000000707e00000, 0x0000000800000000)
  region size 2048K, 2 young (4096K), 2 survivors (4096K)
 Metaspace       used 7347K, committed 7552K, reserved 1114112K
  class space    used 928K, committed 1024K, reserved 1048576K
}
Event: 3,449 GC heap before
{Heap before GC invocations=1 (full 0):
 garbage-first heap   total 260096K, used 32483K [0x0000000707e00000, 0x0000000800000000)
  region size 2048K, 13 young (26624K), 2 survivors (4096K)
 Metaspace       used 11520K, committed 11776K, reserved 1114112K
  class space    used 1571K, committed 1664K, reserved 1048576K
}
Event: 3,465 GC heap after
{Heap after GC invocations=2 (full 0):
 garbage-first heap   total 260096K, used 10798K [0x0000000707e00000, 0x0000000800000000)
  region size 2048K, 1 young (2048K), 1 survivors (2048K)
 Metaspace       used 11520K, committed 11776K, reserved 1114112K
  class space    used 1571K, committed 1664K, reserved 1048576K
}
Event: 5,440 GC heap before
{Heap before GC invocations=2 (full 0):
 garbage-first heap   total 260096K, used 61998K [0x0000000707e00000, 0x0000000800000000)
  region size 2048K, 27 young (55296K), 1 survivors (2048K)
 Metaspace       used 20248K, committed 20544K, reserved 1114112K
  class space    used 2742K, committed 2880K, reserved 1048576K
}
Event: 5,455 GC heap after
{Heap after GC invocations=3 (full 0):
 garbage-first heap   total 260096K, used 14415K [0x0000000707e00000, 0x0000000800000000)
  region size 2048K, 3 young (6144K), 3 survivors (6144K)
 Metaspace       used 20248K, committed 20544K, reserved 1114112K
  class space    used 2742K, committed 2880K, reserved 1048576K
}
Event: 5,894 GC heap before
{Heap before GC invocations=3 (full 0):
 garbage-first heap   total 260096K, used 24655K [0x0000000707e00000, 0x0000000800000000)
  region size 2048K, 9 young (18432K), 3 survivors (6144K)
 Metaspace       used 21257K, committed 21504K, reserved 1114112K
  class space    used 2892K, committed 3008K, reserved 1048576K
}
Event: 5,909 GC heap after
{Heap after GC invocations=4 (full 0):
 garbage-first heap   total 260096K, used 14888K [0x0000000707e00000, 0x0000000800000000)
  region size 2048K, 3 young (6144K), 3 survivors (6144K)
 Metaspace       used 21257K, committed 21504K, reserved 1114112K
  class space    used 2892K, committed 3008K, reserved 1048576K
}
Event: 7,688 GC heap before
{Heap before GC invocations=5 (full 0):
 garbage-first heap   total 69632K, used 49704K [0x0000000707e00000, 0x0000000800000000)
  region size 2048K, 20 young (40960K), 3 survivors (6144K)
 Metaspace       used 25936K, committed 26368K, reserved 1114112K
  class space    used 3626K, committed 3840K, reserved 1048576K
}
Event: 7,715 GC heap after
{Heap after GC invocations=6 (full 0):
 garbage-first heap   total 69632K, used 17661K [0x0000000707e00000, 0x0000000800000000)
  region size 2048K, 2 young (4096K), 2 survivors (4096K)
 Metaspace       used 25936K, committed 26368K, reserved 1114112K
  class space    used 3626K, committed 3840K, reserved 1048576K
}
Event: 7,828 GC heap before
{Heap before GC invocations=6 (full 0):
 garbage-first heap   total 69632K, used 19709K [0x0000000707e00000, 0x0000000800000000)
  region size 2048K, 3 young (6144K), 2 survivors (4096K)
 Metaspace       used 26118K, committed 26496K, reserved 1114112K
  class space    used 3670K, committed 3840K, reserved 1048576K
}
Event: 7,841 GC heap after
{Heap after GC invocations=7 (full 0):
 garbage-first heap   total 69632K, used 18060K [0x0000000707e00000, 0x0000000800000000)
  region size 2048K, 1 young (2048K), 1 survivors (2048K)
 Metaspace       used 26118K, committed 26496K, reserved 1114112K
  class space    used 3670K, committed 3840K, reserved 1048576K
}
Event: 8,926 GC heap before
{Heap before GC invocations=7 (full 0):
 garbage-first heap   total 69632K, used 44684K [0x0000000707e00000, 0x0000000800000000)
  region size 2048K, 14 young (28672K), 1 survivors (2048K)
 Metaspace       used 29586K, committed 30080K, reserved 1114112K
  class space    used 4154K, committed 4416K, reserved 1048576K
}
Event: 8,935 GC heap after
{Heap after GC invocations=8 (full 0):
 garbage-first heap   total 131072K, used 19601K [0x0000000707e00000, 0x0000000800000000)
  region size 2048K, 2 young (4096K), 2 survivors (4096K)
 Metaspace       used 29586K, committed 30080K, reserved 1114112K
  class space    used 4154K, committed 4416K, reserved 1048576K
}
Event: 10,269 GC heap before
{Heap before GC invocations=8 (full 0):
 garbage-first heap   total 131072K, used 46225K [0x0000000707e00000, 0x0000000800000000)
  region size 2048K, 16 young (32768K), 2 survivors (4096K)
 Metaspace       used 35548K, committed 35968K, reserved 1114112K
  class space    used 5056K, committed 5248K, reserved 1048576K
}
Event: 10,286 GC heap after
{Heap after GC invocations=9 (full 0):
 garbage-first heap   total 131072K, used 20857K [0x0000000707e00000, 0x0000000800000000)
  region size 2048K, 2 young (4096K), 2 survivors (4096K)
 Metaspace       used 35548K, committed 35968K, reserved 1114112K
  class space    used 5056K, committed 5248K, reserved 1048576K
}

Dll operation events (12 events):
Event: 0,010 Loaded shared library /usr/lib/jvm/java-17-openjdk-amd64/lib/libjava.so
Event: 0,079 Loaded shared library /usr/lib/jvm/java-17-openjdk-amd64/lib/libjsvml.so
Event: 0,262 Loaded shared library /usr/lib/jvm/java-17-openjdk-amd64/lib/libzip.so
Event: 0,267 Loaded shared library /usr/lib/jvm/java-17-openjdk-amd64/lib/libinstrument.so
Event: 0,277 Loaded shared library /usr/lib/jvm/java-17-openjdk-amd64/lib/libnio.so
Event: 0,286 Loaded shared library /usr/lib/jvm/java-17-openjdk-amd64/lib/libzip.so
Event: 0,530 Loaded shared library /usr/lib/jvm/java-17-openjdk-amd64/lib/libnet.so
Event: 0,536 Loaded shared library /usr/lib/jvm/java-17-openjdk-amd64/lib/libjimage.so
Event: 0,557 Loaded shared library /usr/lib/jvm/java-17-openjdk-amd64/lib/libextnet.so
Event: 0,588 Loaded shared library /usr/lib/jvm/java-17-openjdk-amd64/lib/libmanagement.so
Event: 0,615 Loaded shared library /usr/lib/jvm/java-17-openjdk-amd64/lib/libmanagement_ext.so
Event: 3,758 Loaded shared library /usr/lib/jvm/java-17-openjdk-amd64/lib/libverify.so

Deoptimization events (6 events):
Event: 4,397 Thread 0x00007f9130001ef0 DEOPT PACKING pc=0x00007f91fd96a4d5 sp=0x00007f9195ef08d0
Event: 4,397 Thread 0x00007f9130001ef0 DEOPT UNPACKING pc=0x00007f91fd456e2f sp=0x00007f9195eefd98 mode 3
Event: 4,745 Thread 0x00007f9130001ef0 DEOPT PACKING pc=0x00007f91fd967311 sp=0x00007f9195eefde0
Event: 4,745 Thread 0x00007f9130001ef0 DEOPT UNPACKING pc=0x00007f91fd456e2f sp=0x00007f9195eef2e0 mode 3
Event: 8,626 Thread 0x00007f9130001ef0 DEOPT PACKING pc=0x00007f91fdbcb2bd sp=0x00007f9195eef5e0
Event: 8,626 Thread 0x00007f9130001ef0 DEOPT UNPACKING pc=0x00007f91fd456e2f sp=0x00007f9195eeeb68 mode 3

Classes unloaded (0 events):
No events

Classes redefined (0 events):
No events

Internal exceptions (20 events):
Event: 7,807 Thread 0x00007f9130001ef0 Exception <a 'java/lang/NoSuchMethodError'{0x00000007177764e0}: 'void java.lang.invoke.DirectMethodHandle$Holder.invokeInterface(java.lang.Object, java.lang.Object, int)'> (0x00000007177764e0) 
thrown [./src/hotspot/share/interpreter/linkResolver.cpp, line 758]
Event: 7,819 Thread 0x00007f9130001ef0 Exception <a 'java/lang/IncompatibleClassChangeError'{0x00000007177c6290}: Found class java.lang.Object, but interface was expected> (0x00000007177c6290) 
thrown [./src/hotspot/share/interpreter/linkResolver.cpp, line 826]
Event: 7,823 Thread 0x00007f9130001ef0 Exception <a 'java/lang/NoSuchMethodError'{0x00000007177dee10}: 'void java.lang.invoke.DirectMethodHandle$Holder.invokeStatic(java.lang.Object, int, java.lang.Object)'> (0x00000007177dee10) 
thrown [./src/hotspot/share/interpreter/linkResolver.cpp, line 758]
Event: 7,848 Thread 0x00007f9130001ef0 Exception <a 'java/lang/NoSuchMethodError'{0x000000071761d400}: 'void java.lang.invoke.DirectMethodHandle$Holder.invokeVirtual(java.lang.Object, java.lang.Object, int)'> (0x000000071761d400) 
thrown [./src/hotspot/share/interpreter/linkResolver.cpp, line 758]
Event: 7,849 Thread 0x00007f9130001ef0 Exception <a 'java/lang/NoSuchMethodError'{0x0000000717623648}: 'void java.lang.invoke.DirectMethodHandle$Holder.invokeStatic(java.lang.Object, java.lang.Object, java.lang.Object, int, java.lang.Object)'> (0x0000000717623648) 
thrown [./src/hotspot/share/interpreter/linkResolver.cpp, line 758]
Event: 7,850 Thread 0x00007f9130001ef0 Exception <a 'java/lang/NoSuchMethodError'{0x000000071762ab50}: 'java.lang.Object java.lang.invoke.DirectMethodHandle$Holder.newInvokeSpecial(java.lang.Object, java.lang.Object, java.lang.Object, int)'> (0x000000071762ab50) 
thrown [./src/hotspot/share/interpreter/linkResolver.cpp, line 758]
Event: 7,851 Thread 0x00007f9130001ef0 Exception <a 'java/lang/NoSuchMethodError'{0x000000071762ee38}: 'java.lang.Object java.lang.invoke.DirectMethodHandle$Holder.invokeSpecial(java.lang.Object, java.lang.Object, java.lang.Object, java.lang.Object, int)'> (0x000000071762ee38) 
thrown [./src/hotspot/share/interpreter/linkResolver.cpp, line 758]
Event: 7,851 Thread 0x00007f9130001ef0 Exception <a 'java/lang/NoSuchMethodError'{0x0000000717632a00}: 'java.lang.Object java.lang.invoke.Invokers$Holder.linkToTargetMethod(java.lang.Object, java.lang.Object, int, java.lang.Object)'> (0x0000000717632a00) 
thrown [./src/hotspot/share/interpreter/linkResolver.cpp, line 758]
Event: 8,043 Thread 0x00007f91580097b0 Exception <a 'java/lang/reflect/InvocationTargetException'{0x00000007166dbb40}> (0x00000007166dbb40) 
thrown [./src/hotspot/share/runtime/reflection.cpp, line 1119]
Event: 8,398 Thread 0x00007f9130001ef0 Exception <a 'java/lang/NoSuchMethodError'{0x000000070af56150}: 'java.lang.Object java.lang.invoke.DirectMethodHandle$Holder.invokeSpecial(java.lang.Object, java.lang.Object, long, java.lang.Object, java.lang.Object, java.lang.Object, java.lang.Object, java.lang.Object, java.lang.Object)'> (0x000000070af56150) 
thrown [./src/hotspot/share/interpreter/linkResolver.cpp, line 758]
Event: 8,398 Thread 0x00007f9130001ef0 Exception <a 'java/lang/NoSuchMethodError'{0x000000070af5ac78}: 'java.lang.Object java.lang.invoke.DelegatingMethodHandle$Holder.reinvoke_L(java.lang.Object, long, java.lang.Object, java.lang.Object, java.lang.Object, java.lang.Object, java.lang.Object, java.lang.Object)'> (0x000000070af5ac78) 
thrown [./src/hotspot/share/interpreter/linkResolver.cpp, line 758]
Event: 8,482 Thread 0x00007f9130001ef0 Exception <a 'java/io/FileNotFoundException'{0x000000070ad13770}> (0x000000070ad13770) 
thrown [./src/hotspot/share/prims/jni.cpp, line 516]
Event: 8,515 Thread 0x00007f9130001ef0 Exception <a 'java/lang/NoSuchMethodError'{0x000000070aa17e58}: 'int java.lang.invoke.DirectMethodHandle$Holder.invokeInterface(java.lang.Object, java.lang.Object, java.lang.Object, java.lang.Object)'> (0x000000070aa17e58) 
thrown [./src/hotspot/share/interpreter/linkResolver.cpp, line 758]
Event: 8,557 Thread 0x00007f91580097b0 Exception <a 'java/lang/reflect/InvocationTargetException'{0x000000070aaf6660}> (0x000000070aaf6660) 
thrown [./src/hotspot/share/runtime/reflection.cpp, line 1119]
Event: 8,639 Thread 0x00007f9130001ef0 Exception <a 'java/lang/NoSuchMethodError'{0x000000070a864880}: 'long java.lang.invoke.DirectMethodHandle$Holder.invokeVirtual(java.lang.Object, java.lang.Object)'> (0x000000070a864880) 
thrown [./src/hotspot/share/interpreter/linkResolver.cpp, line 758]
Event: 8,649 Thread 0x00007f9130001ef0 Exception <a 'java/io/FileNotFoundException'{0x000000070a897d48}> (0x000000070a897d48) 
thrown [./src/hotspot/share/prims/jni.cpp, line 516]
Event: 9,071 Thread 0x00007f91580097b0 Exception <a 'java/lang/reflect/InvocationTargetException'{0x0000000716b0c340}> (0x0000000716b0c340) 
thrown [./src/hotspot/share/runtime/reflection.cpp, line 1119]
Event: 9,593 Thread 0x00007f91580097b0 Exception <a 'java/lang/reflect/InvocationTargetException'{0x000000070eb6bcc0}> (0x000000070eb6bcc0) 
thrown [./src/hotspot/share/runtime/reflection.cpp, line 1119]
Event: 10,159 Thread 0x00007f9130001ef0 Exception <a 'java/lang/NoSuchMethodError'{0x000000070e185610}: 'int java.lang.invoke.DirectMethodHandle$Holder.invokeStaticInit(java.lang.Object, java.lang.Object, java.lang.Object, java.lang.Object)'> (0x000000070e185610) 
thrown [./src/hotspot/share/interpreter/linkResolver.cpp, line 758]
Event: 10,861 Thread 0x00007f9130001ef0 Exception <a 'java/lang/NoSuchMethodError'{0x000000070c49a880}: 'java.lang.Object java.lang.invoke.DirectMethodHandle$Holder.invokeStaticInit(java.lang.Object, java.lang.Object, java.lang.Object, java.lang.Object)'> (0x000000070c49a880) 
thrown [./src/hotspot/share/interpreter/linkResolver.cpp, line 758]

VM Operations (20 events):
Event: 8,926 Executing VM operation: G1CollectForAllocation
Event: 8,935 Executing VM operation: G1CollectForAllocation done
Event: 9,125 Executing VM operation: HandshakeAllThreads
Event: 9,125 Executing VM operation: HandshakeAllThreads done
Event: 10,125 Executing VM operation: Cleanup
Event: 10,128 Executing VM operation: Cleanup done
Event: 10,269 Executing VM operation: CollectForMetadataAllocation
Event: 10,286 Executing VM operation: CollectForMetadataAllocation done
Event: 10,335 Executing VM operation: CollectForMetadataAllocation
Event: 10,335 Executing VM operation: CollectForMetadataAllocation done
Event: 10,338 Executing VM operation: HandshakeAllThreads
Event: 10,338 Executing VM operation: HandshakeAllThreads done
Event: 10,344 Executing VM operation: G1PauseRemark
Event: 10,349 Executing VM operation: G1PauseRemark done
Event: 10,361 Executing VM operation: HandshakeAllThreads
Event: 10,361 Executing VM operation: HandshakeAllThreads done
Event: 10,375 Executing VM operation: G1PauseCleanup
Event: 10,376 Executing VM operation: G1PauseCleanup done
Event: 11,376 Executing VM operation: Cleanup
Event: 11,377 Executing VM operation: Cleanup done

Events (20 events):
Event: 10,650 loading class java/util/concurrent/ThreadPoolExecutor$CallerRunsPolicy done
Event: 10,754 Thread 0x00007f91140012d0 Thread added: 0x00007f91140012d0
Event: 10,754 Protecting memory [0x00007f91954ee000,0x00007f91954f2000] with protection modes 0
Event: 10,806 loading class java/util/regex/Pattern$1MatcherIterator
Event: 10,806 loading class java/util/regex/Pattern$1MatcherIterator done
Event: 11,134 Thread 0x00007f91540492a0 Thread added: 0x00007f91540492a0
Event: 11,134 Protecting memory [0x00007f91953ee000,0x00007f91953f2000] with protection modes 0
Event: 11,142 Thread 0x00007f91540492a0 Thread exited: 0x00007f91540492a0
Event: 11,242 loading class jdk/internal/ValueBased
Event: 11,242 loading class jdk/internal/ValueBased done
Event: 11,404 loading class java/util/stream/ReduceOps$1
Event: 11,404 loading class java/util/stream/ReduceOps$1 done
Event: 11,404 loading class java/util/stream/ReduceOps$1ReducingSink
Event: 11,405 loading class java/util/stream/ReduceOps$1ReducingSink done
Event: 11,410 loading class sun/security/provider/MD5
Event: 11,410 loading class sun/security/provider/MD5 done
Event: 11,410 loading class sun/security/provider/ByteArrayAccess$LE
Event: 11,410 loading class sun/security/provider/ByteArrayAccess$LE done
Event: 11,411 loading class java/math/MutableBigInteger
Event: 11,412 loading class java/math/MutableBigInteger done


Dynamic libraries:
707e00000-70cc00000 rw-p 00000000 00:00 0 
70cc00000-70da00000 ---p 00000000 00:00 0 
70da00000-70de00000 rw-p 00000000 00:00 0 
70de00000-717600000 ---p 00000000 00:00 0 
717600000-717800000 rw-p 00000000 00:00 0 
717800000-7ffc00000 ---p 00000000 00:00 0 
7ffc00000-7ffd00000 rw-p 00000000 00:00 0 
7ffd00000-7ffd77000 rw-p 00ca8000 08:02 2231431                          /usr/lib/jvm/java-17-openjdk-amd64/lib/server/classes.jsa
7ffd77000-7ffe00000 rw-p 00000000 00:00 0 
7ffe00000-7ffe84000 rw-p 00c24000 08:02 2231431                          /usr/lib/jvm/java-17-openjdk-amd64/lib/server/classes.jsa
7ffe84000-800000000 rw-p 00000000 00:00 0 
55bb25b78000-55bb25b79000 r--p 00000000 08:02 2152993                    /usr/lib/jvm/java-17-openjdk-amd64/bin/java
55bb25b79000-55bb25b7a000 r-xp 00001000 08:02 2152993                    /usr/lib/jvm/java-17-openjdk-amd64/bin/java
55bb25b7a000-55bb25b7b000 r--p 00002000 08:02 2152993                    /usr/lib/jvm/java-17-openjdk-amd64/bin/java
55bb25b7b000-55bb25b7c000 r--p 00002000 08:02 2152993                    /usr/lib/jvm/java-17-openjdk-amd64/bin/java
55bb25b7c000-55bb25b7d000 rw-p 00003000 08:02 2152993                    /usr/lib/jvm/java-17-openjdk-amd64/bin/java
55bb267da000-55bb26823000 rw-p 00000000 00:00 0                          [heap]
7f9108000000-7f9108021000 rw-p 00000000 00:00 0 
7f9108021000-7f910c000000 ---p 00000000 00:00 0 
7f910c000000-7f910c021000 rw-p 00000000 00:00 0 
7f910c021000-7f9110000000 ---p 00000000 00:00 0 
7f9110000000-7f9110021000 rw-p 00000000 00:00 0 
7f9110021000-7f9114000000 ---p 00000000 00:00 0 
7f9114000000-7f9114021000 rw-p 00000000 00:00 0 
7f9114021000-7f9118000000 ---p 00000000 00:00 0 
7f9118000000-7f9118021000 rw-p 00000000 00:00 0 
7f9118021000-7f911c000000 ---p 00000000 00:00 0 
7f911c000000-7f911c021000 rw-p 00000000 00:00 0 
7f911c021000-7f9120000000 ---p 00000000 00:00 0 
7f9120000000-7f91201cb000 rw-p 00000000 00:00 0 
7f91201cb000-7f9124000000 ---p 00000000 00:00 0 
7f9124000000-7f9124021000 rw-p 00000000 00:00 0 
7f9124021000-7f9128000000 ---p 00000000 00:00 0 
7f9128000000-7f9128021000 rw-p 00000000 00:00 0 
7f9128021000-7f912c000000 ---p 00000000 00:00 0 
7f912c000000-7f912c021000 rw-p 00000000 00:00 0 
7f912c021000-7f9130000000 ---p 00000000 00:00 0 
7f9130000000-7f9130021000 rw-p 00000000 00:00 0 
7f9130021000-7f9134000000 ---p 00000000 00:00 0 
7f9134000000-7f9134dbc000 rw-p 00000000 00:00 0 
7f9134dbc000-7f9138000000 ---p 00000000 00:00 0 
7f9138000000-7f9138021000 rw-p 00000000 00:00 0 
7f9138021000-7f913c000000 ---p 00000000 00:00 0 
7f913c000000-7f913c021000 rw-p 00000000 00:00 0 
7f913c021000-7f9140000000 ---p 00000000 00:00 0 
7f9140000000-7f9140021000 rw-p 00000000 00:00 0 
7f9140021000-7f9144000000 ---p 00000000 00:00 0 
7f9144000000-7f9144021000 rw-p 00000000 00:00 0 
7f9144021000-7f9148000000 ---p 00000000 00:00 0 
7f9148000000-7f9148021000 rw-p 00000000 00:00 0 
7f9148021000-7f914c000000 ---p 00000000 00:00 0 
7f914c000000-7f914c034000 rw-p 00000000 00:00 0 
7f914c034000-7f9150000000 ---p 00000000 00:00 0 
7f9150000000-7f9150038000 rw-p 00000000 00:00 0 
7f9150038000-7f9154000000 ---p 00000000 00:00 0 
7f9154000000-7f9154094000 rw-p 00000000 00:00 0 
7f9154094000-7f9158000000 ---p 00000000 00:00 0 
7f9158000000-7f9158021000 rw-p 00000000 00:00 0 
7f9158021000-7f915c000000 ---p 00000000 00:00 0 
7f915c000000-7f915c021000 rw-p 00000000 00:00 0 
7f915c021000-7f9160000000 ---p 00000000 00:00 0 
7f9160000000-7f9160021000 rw-p 00000000 00:00 0 
7f9160021000-7f9164000000 ---p 00000000 00:00 0 
7f9164000000-7f9164021000 rw-p 00000000 00:00 0 
7f9164021000-7f9168000000 ---p 00000000 00:00 0 
7f9168000000-7f916811a000 rw-p 00000000 00:00 0 
7f916811a000-7f916c000000 ---p 00000000 00:00 0 
7f916c000000-7f916c12c000 rw-p 00000000 00:00 0 
7f916c12c000-7f9170000000 ---p 00000000 00:00 0 
7f9170000000-7f9170021000 rw-p 00000000 00:00 0 
7f9170021000-7f9174000000 ---p 00000000 00:00 0 
7f9174000000-7f9174021000 rw-p 00000000 00:00 0 
7f9174021000-7f9178000000 ---p 00000000 00:00 0 
7f9178000000-7f9178021000 rw-p 00000000 00:00 0 
7f9178021000-7f917c000000 ---p 00000000 00:00 0 
7f917c000000-7f917c189000 rw-p 00000000 00:00 0 
7f917c189000-7f9180000000 ---p 00000000 00:00 0 
7f9180000000-7f9180021000 rw-p 00000000 00:00 0 
7f9180021000-7f9184000000 ---p 00000000 00:00 0 
7f9184000000-7f9184021000 rw-p 00000000 00:00 0 
7f9184021000-7f9188000000 ---p 00000000 00:00 0 
7f9188000000-7f9188021000 rw-p 00000000 00:00 0 
7f9188021000-7f918c000000 ---p 00000000 00:00 0 
7f918c000000-7f918c021000 rw-p 00000000 00:00 0 
7f918c021000-7f9190000000 ---p 00000000 00:00 0 
7f9190000000-7f9190021000 rw-p 00000000 00:00 0 
7f9190021000-7f9194000000 ---p 00000000 00:00 0 
7f9195005000-7f91953ee000 rw-p 00000000 00:00 0 
7f91953ee000-7f91953f2000 ---p 00000000 00:00 0 
7f91953f2000-7f91954ee000 rw-p 00000000 00:00 0 
7f91954ee000-7f91954f2000 ---p 00000000 00:00 0 
7f91954f2000-7f91955ee000 rw-p 00000000 00:00 0 
7f91955ee000-7f91955f2000 ---p 00000000 00:00 0 
7f91955f2000-7f91956ee000 rw-p 00000000 00:00 0 
7f91956ee000-7f91956f2000 ---p 00000000 00:00 0 
7f91956f2000-7f91957ee000 rw-p 00000000 00:00 0 
7f91957ee000-7f91957f2000 ---p 00000000 00:00 0 
7f91957f2000-7f91958ee000 rw-p 00000000 00:00 0 
7f91958ee000-7f91958ef000 ---p 00000000 00:00 0 
7f91958ef000-7f91959f0000 rw-p 00000000 00:00 0 
7f91959f0000-7f91959f4000 ---p 00000000 00:00 0 
7f91959f4000-7f9195af0000 rw-p 00000000 00:00 0 
7f9195af0000-7f9195af1000 ---p 00000000 00:00 0 
7f9195af1000-7f9195bf2000 rw-p 00000000 00:00 0 
7f9195bf2000-7f9195bf3000 ---p 00000000 00:00 0 
7f9195bf3000-7f9195cf4000 rw-p 00000000 00:00 0 
7f9195cf4000-7f9195cf8000 ---p 00000000 00:00 0 
7f9195cf8000-7f9195df4000 rw-p 00000000 00:00 0 
7f9195df4000-7f9195df8000 ---p 00000000 00:00 0 
7f9195df8000-7f9195ef4000 rw-p 00000000 00:00 0 
7f9195ef4000-7f9195ef5000 ---p 00000000 00:00 0 
7f9195ef5000-7f9195ff6000 rw-p 00000000 00:00 0 
7f9195ff6000-7f9195ff7000 ---p 00000000 00:00 0 
7f9195ff7000-7f91960f8000 rw-p 00000000 00:00 0 
7f91960f8000-7f91960f9000 ---p 00000000 00:00 0 
7f91960f9000-7f91961fa000 rw-p 00000000 00:00 0 
7f91961fa000-7f91961fb000 ---p 00000000 00:00 0 
7f91961fb000-7f91962fc000 rw-p 00000000 00:00 0 
7f91962fc000-7f91962fd000 ---p 00000000 00:00 0 
7f91962fd000-7f91963fe000 rw-p 00000000 00:00 0 
7f91963fe000-7f9196402000 ---p 00000000 00:00 0 
7f9196402000-7f91964fe000 rw-p 00000000 00:00 0 
7f91964fe000-7f9196502000 ---p 00000000 00:00 0 
7f9196502000-7f91965fe000 rw-p 00000000 00:00 0 
7f91965fe000-7f9196602000 ---p 00000000 00:00 0 
7f9196602000-7f91966fe000 rw-p 00000000 00:00 0 
7f91966fe000-7f9196702000 ---p 00000000 00:00 0 
7f9196702000-7f91967fe000 rw-p 00000000 00:00 0 
7f91967fe000-7f91967ff000 ---p 00000000 00:00 0 
7f91967ff000-7f9196900000 rw-p 00000000 00:00 0 
7f9196900000-7f9196904000 ---p 00000000 00:00 0 
7f9196904000-7f9196a00000 rw-p 00000000 00:00 0 
7f9196a00000-7f9196a04000 ---p 00000000 00:00 0 
7f9196a04000-7f9196b00000 rw-p 00000000 00:00 0 
7f9196b00000-7f9196b04000 ---p 00000000 00:00 0 
7f9196b04000-7f9196c00000 rw-p 00000000 00:00 0 
7f9196c00000-7f9196c04000 ---p 00000000 00:00 0 
7f9196c04000-7f9196d00000 rw-p 00000000 00:00 0 
7f9196d00000-7f9196d04000 ---p 00000000 00:00 0 
7f9196d04000-7f9196e00000 rw-p 00000000 00:00 0 
7f9196e00000-7f9196e04000 ---p 00000000 00:00 0 
7f9196e04000-7f9196f00000 rw-p 00000000 00:00 0 
7f9196f00000-7f9196f04000 ---p 00000000 00:00 0 
7f9196f04000-7f91973f0000 rw-p 00000000 00:00 0 
7f91973f0000-7f91974f0000 rw-p 00000000 00:00 0 
7f91974f0000-7f91975f0000 rw-p 00000000 00:00 0 
7f91975f0000-7f9197770000 rw-p 00000000 00:00 0 
7f9197770000-7f91977f0000 rw-p 00000000 00:00 0 
7f91977f0000-7f9197af0000 rw-p 00000000 00:00 0 
7f9197af0000-7f9197bf0000 rw-p 00000000 00:00 0 
7f9197bf0000-7f9198ef0000 rw-p 00000000 00:00 0 
7f9198ef0000-7f9198f60000 rw-p 00000000 00:00 0 
7f9198f60000-7f9199000000 ---p 00000000 00:00 0 
7f9199000000-7f9199330000 rw-p 00000000 00:00 0 
7f9199330000-7f919b000000 ---p 00000000 00:00 0 
7f919b000000-7f919bbeb000 rw-p 00001000 08:02 2231431                    /usr/lib/jvm/java-17-openjdk-amd64/lib/server/classes.jsa
7f919bbeb000-7f919c000000 ---p 00000000 00:00 0 
7f919c000000-7f919c010000 rw-p 00000000 00:00 0 
7f919c010000-7f919c030000 rw-p 00000000 00:00 0 
7f919c030000-7f919c0b0000 rw-p 00000000 00:00 0 
7f919c0b0000-7f919c170000 rw-p 00000000 00:00 0 
7f919c170000-7f919c530000 rw-p 00000000 00:00 0 
7f919c530000-7f919c550000 rw-p 00000000 00:00 0 
7f919c550000-7f919c580000 ---p 00000000 00:00 0 
7f919c580000-7f919c600000 rw-p 00000000 00:00 0 
7f919c600000-7f91dc000000 ---p 00000000 00:00 0 
7f91dc000000-7f91dc021000 rw-p 00000000 00:00 0 
7f91dc021000-7f91e0000000 ---p 00000000 00:00 0 
7f91e0000000-7f91e0021000 rw-p 00000000 00:00 0 
7f91e0021000-7f91e4000000 ---p 00000000 00:00 0 
7f91e4000000-7f91e4021000 rw-p 00000000 00:00 0 
7f91e4021000-7f91e8000000 ---p 00000000 00:00 0 
7f91e8000000-7f91e8021000 rw-p 00000000 00:00 0 
7f91e8021000-7f91ec000000 ---p 00000000 00:00 0 
7f91ec000000-7f91ec021000 rw-p 00000000 00:00 0 
7f91ec021000-7f91f0000000 ---p 00000000 00:00 0 
7f91f0000000-7f91f0004000 ---p 00000000 00:00 0 
7f91f0004000-7f91f0100000 rw-p 00000000 00:00 0 
7f91f0100000-7f91f0104000 ---p 00000000 00:00 0 
7f91f0104000-7f91f0200000 rw-p 00000000 00:00 0 
7f91f0200000-7f91f0204000 ---p 00000000 00:00 0 
7f91f0204000-7f91f0300000 rw-p 00000000 00:00 0 
7f91f0300000-7f91f0304000 ---p 00000000 00:00 0 
7f91f0304000-7f91f0400000 rw-p 00000000 00:00 0 
7f91f0400000-7f91f0bf0000 r--p 00000000 08:02 2097173                    /usr/lib/locale/locale-archive
7f91f0cc5000-7f91f0cc9000 ---p 00000000 00:00 0 
7f91f0cc9000-7f91f0dc5000 rw-p 00000000 00:00 0 
7f91f0dc5000-7f91f0dc9000 ---p 00000000 00:00 0 
7f91f0dc9000-7f91f0ec5000 rw-p 00000000 00:00 0 
7f91f0ec5000-7f91f0ec6000 ---p 00000000 00:00 0 
7f91f0ec6000-7f91f0fc7000 rw-p 00000000 00:00 0 
7f91f0fc7000-7f91f0fcc000 r--p 00000000 08:02 2231323                    /usr/lib/jvm/java-17-openjdk-amd64/lib/libjsvml.so
7f91f0fcc000-7f91f100d000 r-xp 00005000 08:02 2231323                    /usr/lib/jvm/java-17-openjdk-amd64/lib/libjsvml.so
7f91f100d000-7f91f1096000 r--p 00046000 08:02 2231323                    /usr/lib/jvm/java-17-openjdk-amd64/lib/libjsvml.so
7f91f1096000-7f91f1097000 r--p 000ce000 08:02 2231323                    /usr/lib/jvm/java-17-openjdk-amd64/lib/libjsvml.so
7f91f1097000-7f91f1098000 rw-p 000cf000 08:02 2231323                    /usr/lib/jvm/java-17-openjdk-amd64/lib/libjsvml.so
7f91f1098000-7f91f1099000 ---p 00000000 00:00 0 
7f91f1099000-7f91f119a000 rw-p 00000000 00:00 0 
7f91f119a000-7f91f119b000 ---p 00000000 00:00 0 
7f91f119b000-7f91f3aa4000 rw-p 00000000 00:00 0 
7f91f3aa4000-7f91f3aa5000 ---p 00000000 00:00 0 
7f91f3aa5000-7f91f3ba6000 rw-p 00000000 00:00 0 
7f91f3ba6000-7f91f3ba7000 ---p 00000000 00:00 0 
7f91f3ba7000-7f91f3ca8000 rw-p 00000000 00:00 0 
7f91f3ca8000-7f91f3ca9000 ---p 00000000 00:00 0 
7f91f3ca9000-7f91f3ee2000 rw-p 00000000 00:00 0 
7f91f3ee2000-7f91f3f1a000 ---p 00000000 00:00 0 
7f91f3f1a000-7f91f3f2a000 rw-p 00000000 00:00 0 
7f91f3f2a000-7f91f418a000 ---p 00000000 00:00 0 
7f91f418a000-7f91f4192000 rw-p 00000000 00:00 0 
7f91f4192000-7f91f7ba2000 ---p 00000000 00:00 0 
7f91f7ba2000-7f91f7cea000 rw-p 00000000 00:00 0 
7f91f7cea000-7f91f7d22000 ---p 00000000 00:00 0 
7f91f7d22000-7f91f7d32000 rw-p 00000000 00:00 0 
7f91f7d32000-7f91f7f92000 ---p 00000000 00:00 0 
7f91f7f92000-7f91f7f9a000 rw-p 00000000 00:00 0 
7f91f7f9a000-7f91fb9aa000 ---p 00000000 00:00 0 
7f91fb9aa000-7f91fb9e1000 rw-p 00000000 00:00 0 
7f91fb9e1000-7f91fb9e8000 ---p 00000000 00:00 0 
7f91fb9e8000-7f91fb9ea000 rw-p 00000000 00:00 0 
7f91fb9ea000-7f91fba36000 ---p 00000000 00:00 0 
7f91fba36000-7f91fba37000 rw-p 00000000 00:00 0 
7f91fba37000-7f91fc179000 ---p 00000000 00:00 0 
7f91fc179000-7f91fc1a2000 rw-p 00000000 00:00 0 
7f91fc1a2000-7f91fc1a9000 ---p 00000000 00:00 0 
7f91fc1a9000-7f91fc1ab000 rw-p 00000000 00:00 0 
7f91fc1ab000-7f91fc1f7000 ---p 00000000 00:00 0 
7f91fc1f7000-7f91fc1f8000 rw-p 00000000 00:00 0 
7f91fc1f8000-7f91fc93a000 ---p 00000000 00:00 0 
7f91fc93a000-7f91fc963000 rw-p 00000000 00:00 0 
7f91fc963000-7f91fc96a000 ---p 00000000 00:00 0 
7f91fc96a000-7f91fc96c000 rw-p 00000000 00:00 0 
7f91fc96c000-7f91fc9b8000 ---p 00000000 00:00 0 
7f91fc9b8000-7f91fc9b9000 rw-p 00000000 00:00 0 
7f91fc9b9000-7f91fd0fb000 ---p 00000000 00:00 0 
7f91fd0fb000-7f91fd400000 rw-p 00000000 00:00 0 
7f91fd400000-7f91fdc90000 rwxp 00000000 00:00 0 
7f91fdc90000-7f9200400000 ---p 00000000 00:00 0 
7f9200400000-7f9207e5b000 r--s 00000000 08:02 2231429                    /usr/lib/jvm/java-17-openjdk-amd64/lib/modules
7f9207e7e000-7f9208000000 rw-p 00000000 00:00 0 
7f9208000000-7f9208754000 rw-p 00000000 00:00 0 
7f9208754000-7f920c000000 ---p 00000000 00:00 0 
7f920c060000-7f920c500000 rw-p 00000000 00:00 0 
7f920c500000-7f920c504000 ---p 00000000 00:00 0 
7f920c504000-7f920c600000 rw-p 00000000 00:00 0 
7f920c600000-7f920c69a000 r--p 00000000 08:02 2098896                    /usr/lib/x86_64-linux-gnu/libstdc++.so.6.0.30
7f920c69a000-7f920c7ab000 r-xp 0009a000 08:02 2098896                    /usr/lib/x86_64-linux-gnu/libstdc++.so.6.0.30
7f920c7ab000-7f920c81a000 r--p 001ab000 08:02 2098896                    /usr/lib/x86_64-linux-gnu/libstdc++.so.6.0.30
7f920c81a000-7f920c81b000 ---p 0021a000 08:02 2098896                    /usr/lib/x86_64-linux-gnu/libstdc++.so.6.0.30
7f920c81b000-7f920c826000 r--p 0021a000 08:02 2098896                    /usr/lib/x86_64-linux-gnu/libstdc++.so.6.0.30
7f920c826000-7f920c829000 rw-p 00225000 08:02 2098896                    /usr/lib/x86_64-linux-gnu/libstdc++.so.6.0.30
7f920c829000-7f920c82c000 rw-p 00000000 00:00 0 
7f920c832000-7f920c839000 r--s 00000000 08:02 2758268                    /usr/lib/x86_64-linux-gnu/gconv/gconv-modules.cache
7f920c839000-7f920c8cb000 rw-p 00000000 00:00 0 
7f920c8cb000-7f920c919000 ---p 00000000 00:00 0 
7f920c919000-7f920c927000 r--p 00000000 08:02 2099328                    /usr/lib/x86_64-linux-gnu/libm.so.6
7f920c927000-7f920c9a3000 r-xp 0000e000 08:02 2099328                    /usr/lib/x86_64-linux-gnu/libm.so.6
7f920c9a3000-7f920c9fe000 r--p 0008a000 08:02 2099328                    /usr/lib/x86_64-linux-gnu/libm.so.6
7f920c9fe000-7f920c9ff000 r--p 000e4000 08:02 2099328                    /usr/lib/x86_64-linux-gnu/libm.so.6
7f920c9ff000-7f920ca00000 rw-p 000e5000 08:02 2099328                    /usr/lib/x86_64-linux-gnu/libm.so.6
7f920ca00000-7f920cc51000 r--p 00000000 08:02 2231437                    /usr/lib/jvm/java-17-openjdk-amd64/lib/server/libjvm.so
7f920cc51000-7f920d9d7000 r-xp 00251000 08:02 2231437                    /usr/lib/jvm/java-17-openjdk-amd64/lib/server/libjvm.so
7f920d9d7000-7f920dc5a000 r--p 00fd7000 08:02 2231437                    /usr/lib/jvm/java-17-openjdk-amd64/lib/server/libjvm.so
7f920dc5a000-7f920dc5b000 ---p 0125a000 08:02 2231437                    /usr/lib/jvm/java-17-openjdk-amd64/lib/server/libjvm.so
7f920dc5b000-7f920dd13000 r--p 0125a000 08:02 2231437                    /usr/lib/jvm/java-17-openjdk-amd64/lib/server/libjvm.so
7f920dd13000-7f920dd48000 rw-p 01312000 08:02 2231437                    /usr/lib/jvm/java-17-openjdk-amd64/lib/server/libjvm.so
7f920dd48000-7f920dda2000 rw-p 00000000 00:00 0 
7f920dda8000-7f920ddac000 r--p 00000000 08:02 2231425                    /usr/lib/jvm/java-17-openjdk-amd64/lib/libverify.so
7f920ddac000-7f920ddb3000 r-xp 00004000 08:02 2231425                    /usr/lib/jvm/java-17-openjdk-amd64/lib/libverify.so
7f920ddb3000-7f920ddb5000 r--p 0000b000 08:02 2231425                    /usr/lib/jvm/java-17-openjdk-amd64/lib/libverify.so
7f920ddb5000-7f920ddb7000 r--p 0000c000 08:02 2231425                    /usr/lib/jvm/java-17-openjdk-amd64/lib/libverify.so
7f920ddb7000-7f920ddb8000 rw-p 0000e000 08:02 2231425                    /usr/lib/jvm/java-17-openjdk-amd64/lib/libverify.so
7f920ddb8000-7f920ddba000 r--p 00000000 08:02 2231327                    /usr/lib/jvm/java-17-openjdk-amd64/lib/libmanagement_ext.so
7f920ddba000-7f920ddbd000 r-xp 00002000 08:02 2231327                    /usr/lib/jvm/java-17-openjdk-amd64/lib/libmanagement_ext.so
7f920ddbd000-7f920ddbf000 r--p 00005000 08:02 2231327                    /usr/lib/jvm/java-17-openjdk-amd64/lib/libmanagement_ext.so
7f920ddbf000-7f920ddc0000 r--p 00006000 08:02 2231327                    /usr/lib/jvm/java-17-openjdk-amd64/lib/libmanagement_ext.so
7f920ddc0000-7f920ddc1000 rw-p 00007000 08:02 2231327                    /usr/lib/jvm/java-17-openjdk-amd64/lib/libmanagement_ext.so
7f920ddc1000-7f920ddc3000 r--p 00000000 08:02 2231325                    /usr/lib/jvm/java-17-openjdk-amd64/lib/libmanagement.so
7f920ddc3000-7f920ddc4000 r-xp 00002000 08:02 2231325                    /usr/lib/jvm/java-17-openjdk-amd64/lib/libmanagement.so
7f920ddc4000-7f920ddc5000 r--p 00003000 08:02 2231325                    /usr/lib/jvm/java-17-openjdk-amd64/lib/libmanagement.so
7f920ddc5000-7f920ddc6000 r--p 00003000 08:02 2231325                    /usr/lib/jvm/java-17-openjdk-amd64/lib/libmanagement.so
7f920ddc6000-7f920ddc7000 rw-p 00004000 08:02 2231325                    /usr/lib/jvm/java-17-openjdk-amd64/lib/libmanagement.so
7f920ddc7000-7f920ddcb000 r--p 00000000 08:02 2231329                    /usr/lib/jvm/java-17-openjdk-amd64/lib/libnet.so
7f920ddcb000-7f920ddd9000 r-xp 00004000 08:02 2231329                    /usr/lib/jvm/java-17-openjdk-amd64/lib/libnet.so
7f920ddd9000-7f920dddd000 r--p 00012000 08:02 2231329                    /usr/lib/jvm/java-17-openjdk-amd64/lib/libnet.so
7f920dddd000-7f920ddde000 r--p 00015000 08:02 2231329                    /usr/lib/jvm/java-17-openjdk-amd64/lib/libnet.so
7f920ddde000-7f920dddf000 rw-p 00016000 08:02 2231329                    /usr/lib/jvm/java-17-openjdk-amd64/lib/libnet.so
7f920dddf000-7f920dde5000 r--p 00000000 08:02 2231330                    /usr/lib/jvm/java-17-openjdk-amd64/lib/libnio.so
7f920dde5000-7f920ddee000 r-xp 00006000 08:02 2231330                    /usr/lib/jvm/java-17-openjdk-amd64/lib/libnio.so
7f920ddee000-7f920ddf2000 r--p 0000f000 08:02 2231330                    /usr/lib/jvm/java-17-openjdk-amd64/lib/libnio.so
7f920ddf2000-7f920ddf3000 ---p 00013000 08:02 2231330                    /usr/lib/jvm/java-17-openjdk-amd64/lib/libnio.so
7f920ddf3000-7f920ddf4000 r--p 00013000 08:02 2231330                    /usr/lib/jvm/java-17-openjdk-amd64/lib/libnio.so
7f920ddf4000-7f920ddf5000 rw-p 00014000 08:02 2231330                    /usr/lib/jvm/java-17-openjdk-amd64/lib/libnio.so
7f920ddf5000-7f920ddf7000 r--p 00000000 08:02 2231427                    /usr/lib/jvm/java-17-openjdk-amd64/lib/libzip.so
7f920ddf7000-7f920ddfc000 r-xp 00002000 08:02 2231427                    /usr/lib/jvm/java-17-openjdk-amd64/lib/libzip.so
7f920ddfc000-7f920ddfe000 r--p 00007000 08:02 2231427                    /usr/lib/jvm/java-17-openjdk-amd64/lib/libzip.so
7f920ddfe000-7f920ddff000 r--p 00008000 08:02 2231427                    /usr/lib/jvm/java-17-openjdk-amd64/lib/libzip.so
7f920ddff000-7f920de00000 rw-p 00009000 08:02 2231427                    /usr/lib/jvm/java-17-openjdk-amd64/lib/libzip.so
7f920de00000-7f920de28000 r--p 00000000 08:02 2099304                    /usr/lib/x86_64-linux-gnu/libc.so.6
7f920de28000-7f920dfbd000 r-xp 00028000 08:02 2099304                    /usr/lib/x86_64-linux-gnu/libc.so.6
7f920dfbd000-7f920e015000 r--p 001bd000 08:02 2099304                    /usr/lib/x86_64-linux-gnu/libc.so.6
7f920e015000-7f920e019000 r--p 00214000 08:02 2099304                    /usr/lib/x86_64-linux-gnu/libc.so.6
7f920e019000-7f920e01b000 rw-p 00218000 08:02 2099304                    /usr/lib/x86_64-linux-gnu/libc.so.6
7f920e01b000-7f920e028000 rw-p 00000000 00:00 0 
7f920e029000-7f920e02a000 r--p 00000000 08:02 2231263                    /usr/lib/jvm/java-17-openjdk-amd64/lib/libextnet.so
7f920e02a000-7f920e02b000 r-xp 00001000 08:02 2231263                    /usr/lib/jvm/java-17-openjdk-amd64/lib/libextnet.so
7f920e02b000-7f920e02c000 r--p 00002000 08:02 2231263                    /usr/lib/jvm/java-17-openjdk-amd64/lib/libextnet.so
7f920e02c000-7f920e02d000 r--p 00002000 08:02 2231263                    /usr/lib/jvm/java-17-openjdk-amd64/lib/libextnet.so
7f920e02d000-7f920e02e000 rw-p 00003000 08:02 2231263                    /usr/lib/jvm/java-17-openjdk-amd64/lib/libextnet.so
7f920e02e000-7f920e036000 rw-s 00000000 08:02 2235988                    /tmp/hsperfdata_nseya/155999
7f920e036000-7f920e042000 r--p 00000000 08:02 2231299                    /usr/lib/jvm/java-17-openjdk-amd64/lib/libjava.so
7f920e042000-7f920e055000 r-xp 0000c000 08:02 2231299                    /usr/lib/jvm/java-17-openjdk-amd64/lib/libjava.so
7f920e055000-7f920e05b000 r--p 0001f000 08:02 2231299                    /usr/lib/jvm/java-17-openjdk-amd64/lib/libjava.so
7f920e05b000-7f920e05c000 r--p 00024000 08:02 2231299                    /usr/lib/jvm/java-17-openjdk-amd64/lib/libjava.so
7f920e05c000-7f920e05d000 rw-p 00025000 08:02 2231299                    /usr/lib/jvm/java-17-openjdk-amd64/lib/libjava.so
7f920e05d000-7f920e05e000 rw-p 00000000 00:00 0 
7f920e05e000-7f920e061000 r--p 00000000 08:02 2100546                    /usr/lib/x86_64-linux-gnu/libgcc_s.so.1
7f920e061000-7f920e078000 r-xp 00003000 08:02 2100546                    /usr/lib/x86_64-linux-gnu/libgcc_s.so.1
7f920e078000-7f920e07c000 r--p 0001a000 08:02 2100546                    /usr/lib/x86_64-linux-gnu/libgcc_s.so.1
7f920e07c000-7f920e07d000 r--p 0001d000 08:02 2100546                    /usr/lib/x86_64-linux-gnu/libgcc_s.so.1
7f920e07d000-7f920e07e000 rw-p 0001e000 08:02 2100546                    /usr/lib/x86_64-linux-gnu/libgcc_s.so.1
7f920e07e000-7f920e081000 rw-p 00000000 00:00 0 
7f920e081000-7f920e083000 r--p 00000000 08:02 2231308                    /usr/lib/jvm/java-17-openjdk-amd64/lib/libjli.so
7f920e083000-7f920e08d000 r-xp 00002000 08:02 2231308                    /usr/lib/jvm/java-17-openjdk-amd64/lib/libjli.so
7f920e08d000-7f920e090000 r--p 0000c000 08:02 2231308                    /usr/lib/jvm/java-17-openjdk-amd64/lib/libjli.so
7f920e090000-7f920e091000 r--p 0000e000 08:02 2231308                    /usr/lib/jvm/java-17-openjdk-amd64/lib/libjli.so
7f920e091000-7f920e092000 rw-p 0000f000 08:02 2231308                    /usr/lib/jvm/java-17-openjdk-amd64/lib/libjli.so
7f920e092000-7f920e094000 r--p 00000000 08:02 2097811                    /usr/lib/x86_64-linux-gnu/libz.so.1.2.11
7f920e094000-7f920e0a5000 r-xp 00002000 08:02 2097811                    /usr/lib/x86_64-linux-gnu/libz.so.1.2.11
7f920e0a5000-7f920e0ab000 r--p 00013000 08:02 2097811                    /usr/lib/x86_64-linux-gnu/libz.so.1.2.11
7f920e0ab000-7f920e0ac000 ---p 00019000 08:02 2097811                    /usr/lib/x86_64-linux-gnu/libz.so.1.2.11
7f920e0ac000-7f920e0ad000 r--p 00019000 08:02 2097811                    /usr/lib/x86_64-linux-gnu/libz.so.1.2.11
7f920e0ad000-7f920e0ae000 rw-p 0001a000 08:02 2097811                    /usr/lib/x86_64-linux-gnu/libz.so.1.2.11
7f920e0b1000-7f920e0b2000 r--p 00000000 08:02 2231267                    /usr/lib/jvm/java-17-openjdk-amd64/lib/libinstrument.so
7f920e0b2000-7f920e0b8000 r-xp 00001000 08:02 2231267                    /usr/lib/jvm/java-17-openjdk-amd64/lib/libinstrument.so
7f920e0b8000-7f920e0bb000 r--p 00007000 08:02 2231267                    /usr/lib/jvm/java-17-openjdk-amd64/lib/libinstrument.so
7f920e0bb000-7f920e0bc000 r--p 00009000 08:02 2231267                    /usr/lib/jvm/java-17-openjdk-amd64/lib/libinstrument.so
7f920e0bc000-7f920e0bd000 rw-p 0000a000 08:02 2231267                    /usr/lib/jvm/java-17-openjdk-amd64/lib/libinstrument.so
7f920e0bd000-7f920e0be000 ---p 00000000 00:00 0 
7f920e0be000-7f920e0bf000 r--p 00000000 00:00 0 
7f920e0bf000-7f920e0c1000 r--p 00000000 08:02 2231305                    /usr/lib/jvm/java-17-openjdk-amd64/lib/libjimage.so
7f920e0c1000-7f920e0c4000 r-xp 00002000 08:02 2231305                    /usr/lib/jvm/java-17-openjdk-amd64/lib/libjimage.so
7f920e0c4000-7f920e0c5000 r--p 00005000 08:02 2231305                    /usr/lib/jvm/java-17-openjdk-amd64/lib/libjimage.so
7f920e0c5000-7f920e0c6000 ---p 00006000 08:02 2231305                    /usr/lib/jvm/java-17-openjdk-amd64/lib/libjimage.so
7f920e0c6000-7f920e0c7000 r--p 00006000 08:02 2231305                    /usr/lib/jvm/java-17-openjdk-amd64/lib/libjimage.so
7f920e0c7000-7f920e0c8000 rw-p 00007000 08:02 2231305                    /usr/lib/jvm/java-17-openjdk-amd64/lib/libjimage.so
7f920e0c8000-7f920e0ca000 rw-p 00000000 00:00 0 
7f920e0ca000-7f920e0cc000 r--p 00000000 08:02 2099288                    /usr/lib/x86_64-linux-gnu/ld-linux-x86-64.so.2
7f920e0cc000-7f920e0f6000 r-xp 00002000 08:02 2099288                    /usr/lib/x86_64-linux-gnu/ld-linux-x86-64.so.2
7f920e0f6000-7f920e101000 r--p 0002c000 08:02 2099288                    /usr/lib/x86_64-linux-gnu/ld-linux-x86-64.so.2
7f920e101000-7f920e102000 ---p 00000000 00:00 0 
7f920e102000-7f920e104000 r--p 00037000 08:02 2099288                    /usr/lib/x86_64-linux-gnu/ld-linux-x86-64.so.2
7f920e104000-7f920e106000 rw-p 00039000 08:02 2099288                    /usr/lib/x86_64-linux-gnu/ld-linux-x86-64.so.2
7ffc882c0000-7ffc882e3000 rw-p 00000000 00:00 0                          [stack]
7ffc883be000-7ffc883c2000 r--p 00000000 00:00 0                          [vvar]
7ffc883c2000-7ffc883c4000 r-xp 00000000 00:00 0                          [vdso]
ffffffffff600000-ffffffffff601000 --xp 00000000 00:00 0                  [vsyscall]


VM Arguments:
jvm_args: -XX:TieredStopAtLevel=1 -Dspring.output.ansi.enabled=always -Dcom.sun.management.jmxremote -Dspring.jmx.enabled=true -Dspring.liveBeansView.mbeanDomain -Dspring.application.admin.enabled=true -Dmanagement.endpoints.jmx.exposure.include=* -javaagent:/opt/idea-IU-231.8770.65/lib/idea_rt.jar=44229:/opt/idea-IU-231.8770.65/bin -Dfile.encoding=UTF-8 
java_command: com.example.trabaho.TrabahoApplication
java_class_path (initial): /devs/Epitech/Pre-MSc-Pro/T-WEB-501-LIL_4/TrabahoBack/target/classes:/home/nseya/.m2/repository/org/springframework/boot/spring-boot-starter-data-jdbc/3.1.4/spring-boot-starter-data-jdbc-3.1.4.jar:/home/nseya/.m2/repository/org/springframework/boot/spring-boot-starter-jdbc/3.1.4/spring-boot-starter-jdbc-3.1.4.jar:/home/nseya/.m2/repository/com/zaxxer/HikariCP/5.0.1/HikariCP-5.0.1.jar:/home/nseya/.m2/repository/org/springframework/spring-jdbc/6.0.12/spring-jdbc-6.0.12.jar:/home/nseya/.m2/repository/org/springframework/data/spring-data-jdbc/3.1.4/spring-data-jdbc-3.1.4.jar:/home/nseya/.m2/repository/org/springframework/data/spring-data-relational/3.1.4/spring-data-relational-3.1.4.jar:/home/nseya/.m2/repository/org/springframework/data/spring-data-commons/3.1.4/spring-data-commons-3.1.4.jar:/home/nseya/.m2/repository/org/springframework/spring-tx/6.0.12/spring-tx-6.0.12.jar:/home/nseya/.m2/repository/org/springframework/spring-context/6.0.12/spring-context-6.0.12.jar:/home/nseya/.m2/repository/org/springframework/spring-beans/6.0.12/spring-beans-6.0.12.jar:/home/nseya/.m2/repository/org/slf4j/slf4j-api/2.0.9/slf4j-api-2.0.9.jar:/home/nseya/.m2/repository/org/springframework/boot/spring-boot-starter-data-jpa/3.1.4/spring-boot-starter-data-jpa-3.1.4.jar:/home/nseya/.m2/repository/org/springframework/boot/spring-boot-starter-aop/3.1.4/spring-boot-starter-aop-3.1.4.jar:/home/nseya/.m2/repository/org/springframework/spring-aop/6.0.12/spring-aop-6.0.12.jar:/home/nseya/.m2/repository/org/aspectj/aspectjweaver/1.9.20/aspectjweaver-1.9.20.jar:/home/nseya/.m2/repository/org/springframework/data/spring-data-jpa/3.1.4/spring-data-jpa-3.1.4.jar:/home/nseya/.m2/repository/org/springframework/spring-orm/6.0.12/spring-orm-6.0.12.jar:/home/nseya/.m2/repository/jakarta/annotation/jakarta.annotation-api/2.1.1/jakarta.annotation-api-2.1.1.jar:/home/nseya/.m2/repository/org/springframework/spring-aspects/6.0.12/spring-aspects-6.0.12.jar:/home/nseya/.m2/reposit
Launcher Type: SUN_STANDARD

[Global flags]
     intx CICompilerCount                          = 4                                         {product} {ergonomic}
     uint ConcGCThreads                            = 2                                         {product} {ergonomic}
     uint G1ConcRefinementThreads                  = 8                                         {product} {ergonomic}
   size_t G1HeapRegionSize                         = 2097152                                   {product} {ergonomic}
    uintx GCDrainStackTargetSize                   = 64                                        {product} {ergonomic}
   size_t InitialHeapSize                          = 262144000                                 {product} {ergonomic}
     bool ManagementServer                         = true                                      {product} {command line}
   size_t MarkStackSize                            = 4194304                                   {product} {ergonomic}
   size_t MaxHeapSize                              = 4162846720                                {product} {ergonomic}
   size_t MaxNewSize                               = 2497708032                                {product} {ergonomic}
   size_t MinHeapDeltaBytes                        = 2097152                                   {product} {ergonomic}
   size_t MinHeapSize                              = 8388608                                   {product} {ergonomic}
    uintx NonProfiledCodeHeapSize                  = 0                                      {pd product} {ergonomic}
     bool ProfileInterpreter                       = false                                  {pd product} {command line}
    uintx ProfiledCodeHeapSize                     = 0                                      {pd product} {ergonomic}
   size_t SoftMaxHeapSize                          = 4162846720                             {manageable} {ergonomic}
     intx TieredStopAtLevel                        = 1                                         {product} {command line}
     bool UseCompressedClassPointers               = true                           {product lp64_product} {ergonomic}
     bool UseCompressedOops                        = true                           {product lp64_product} {ergonomic}
     bool UseG1GC                                  = true                                      {product} {ergonomic}

Logging:
Log output configuration:
 #0: stdout all=warning uptime,level,tags
 #1: stderr all=off uptime,level,tags

Environment Variables:
PATH=/home/nseya/.bun/bin:/home/nseya/.nvm/versions/node/v18.16.0/bin:/home/nseya/bin:/usr/local/bin:/usr/local/sbin:/usr/local/bin:/usr/sbin:/usr/bin:/sbin:/bin:/usr/games:/usr/local/games:/snap/bin:/snap/bin
USERNAME=nseya
SHELL=/usr/bin/zsh
DISPLAY=:0
LANG=en_US.UTF-8
LC_NUMERIC=fr_FR.UTF-8
LC_TIME=fr_FR.UTF-8
TERM=xterm-256color

Active Locale:
LC_ALL=LC_CTYPE=en_US.UTF-8;LC_NUMERIC=fr_FR.UTF-8;LC_TIME=fr_FR.UTF-8;LC_COLLATE=en_US.UTF-8;LC_MONETARY=fr_FR.UTF-8;LC_MESSAGES=en_US.UTF-8;LC_PAPER=fr_FR.UTF-8;LC_NAME=fr_FR.UTF-8;LC_ADDRESS=fr_FR.UTF-8;LC_TELEPHONE=fr_FR.UTF-8;LC_MEASUREMENT=fr_FR.UTF-8;LC_IDENTIFICATION=fr_FR.UTF-8
LC_COLLATE=en_US.UTF-8
LC_CTYPE=en_US.UTF-8
LC_MESSAGES=en_US.UTF-8
LC_MONETARY=fr_FR.UTF-8
LC_NUMERIC=fr_FR.UTF-8
LC_TIME=fr_FR.UTF-8

Signal Handlers:
   SIGSEGV: crash_handler in libjvm.so, mask=11100100010111111101111111111110, flags=SA_RESTART|SA_SIGINFO, unblocked
    SIGBUS: crash_handler in libjvm.so, mask=11100100010111111101111111111110, flags=SA_RESTART|SA_SIGINFO, unblocked
    SIGFPE: crash_handler in libjvm.so, mask=11100100010111111101111111111110, flags=SA_RESTART|SA_SIGINFO, unblocked
   SIGPIPE: javaSignalHandler in libjvm.so, mask=11100100010111111101111111111110, flags=SA_RESTART|SA_SIGINFO, blocked
   SIGXFSZ: javaSignalHandler in libjvm.so, mask=11100100010111111101111111111110, flags=SA_RESTART|SA_SIGINFO, blocked
    SIGILL: crash_handler in libjvm.so, mask=11100100010111111101111111111110, flags=SA_RESTART|SA_SIGINFO, unblocked
   SIGUSR2: SR_handler in libjvm.so, mask=00100000000000000000000000000000, flags=SA_RESTART|SA_SIGINFO, blocked
    SIGHUP: UserHandler in libjvm.so, mask=11100100010111111101111111111110, flags=SA_RESTART|SA_SIGINFO, blocked
    SIGINT: UserHandler in libjvm.so, mask=11100100010111111101111111111110, flags=SA_RESTART|SA_SIGINFO, blocked
   SIGTERM: UserHandler in libjvm.so, mask=11100100010111111101111111111110, flags=SA_RESTART|SA_SIGINFO, blocked
   SIGQUIT: UserHandler in libjvm.so, mask=11100100010111111101111111111110, flags=SA_RESTART|SA_SIGINFO, blocked
   SIGTRAP: crash_handler in libjvm.so, mask=11100100010111111101111111111110, flags=SA_RESTART|SA_SIGINFO, unblocked


---------------  S Y S T E M  ---------------

OS:
DISTRIB_ID=Ubuntu
DISTRIB_RELEASE=22.04
DISTRIB_CODENAME=jammy
DISTRIB_DESCRIPTION="Ubuntu 22.04.3 LTS"
uname: Linux 6.2.0-34-generic #34~22.04.1-Ubuntu SMP PREEMPT_DYNAMIC Thu Sep  7 13:12:03 UTC 2 x86_64
OS uptime: 1 days 16:11 hours
libc: glibc 2.35 NPTL 2.35 
rlimit (soft/hard): STACK 8192k/infinity , CORE 0k/infinity , NPROC 63212/63212 , NOFILE 1048576/1048576 , AS infinity/infinity , CPU infinity/infinity , DATA infinity/infinity , FSIZE infinity/infinity , MEMLOCK 2032344k/2032344k
load average: 3,88 2,81 2,26

/proc/meminfo:
MemTotal:       16258760 kB
MemFree:          247860 kB
MemAvailable:    2675836 kB
Buffers:          220164 kB
Cached:          3528768 kB
SwapCached:        59508 kB
Active:          4466520 kB
Inactive:       10354636 kB
Active(anon):    2914224 kB
Inactive(anon):  9433640 kB
Active(file):    1552296 kB
Inactive(file):   920996 kB
Unevictable:      287536 kB
Mlocked:             112 kB
SwapTotal:       2097148 kB
SwapFree:         496824 kB
Zswap:                 0 kB
Zswapped:              0 kB
Dirty:              1032 kB
Writeback:             0 kB
AnonPages:      11323692 kB
Mapped:          1169664 kB
Shmem:           1275584 kB
KReclaimable:     294716 kB
Slab:             580532 kB
SReclaimable:     294716 kB
SUnreclaim:       285816 kB
KernelStack:       50384 kB
PageTables:       133232 kB
SecPageTables:         0 kB
NFS_Unstable:          0 kB
Bounce:                0 kB
WritebackTmp:          0 kB
CommitLimit:    10226528 kB
Committed_AS:   31757640 kB
VmallocTotal:   34359738367 kB
VmallocUsed:       94924 kB
VmallocChunk:          0 kB
Percpu:             8800 kB
HardwareCorrupted:     0 kB
AnonHugePages:         0 kB
ShmemHugePages:        0 kB
ShmemPmdMapped:        0 kB
FileHugePages:         0 kB
FilePmdMapped:         0 kB
HugePages_Total:       0
HugePages_Free:        0
HugePages_Rsvd:        0
HugePages_Surp:        0
Hugepagesize:       2048 kB
Hugetlb:               0 kB
DirectMap4k:      274024 kB
DirectMap2M:     5910528 kB
DirectMap1G:    10485760 kB

/sys/kernel/mm/transparent_hugepage/enabled: always [madvise] never
/sys/kernel/mm/transparent_hugepage/defrag (defrag/compaction efforts parameter): always defer defer+madvise [madvise] never

Process Memory:
Virtual Size: 8341568K (peak: 8341568K)
Resident Set Size: 197280K (peak: 197280K) (anon: 175516K, file: 21764K, shmem: 0K)
Swapped out: 0K
C-Heap outstanding allocations: 47931K, retained: 6580K
glibc malloc tunables: (default)

/proc/sys/kernel/threads-max (system-wide limit on the number of threads): 126424
/proc/sys/vm/max_map_count (maximum number of memory map areas a process may have): 65530
/proc/sys/kernel/pid_max (system-wide limit on number of process identifiers): 4194304

container (cgroup) information:
container_type: cgroupv2
cpu_cpuset_cpus: not supported
cpu_memory_nodes: not supported
active_processor_count: 8
cpu_quota: not supported
cpu_period: not supported
cpu_shares: not supported
memory_limit_in_bytes: unlimited
memory_and_swap_limit_in_bytes: unlimited
memory_soft_limit_in_bytes: unlimited
memory_usage_in_bytes: 3222524 k
memory_max_usage_in_bytes: not supported
memory_swap_current_in_bytes: 142012 k
memory_swap_max_limit_in_bytes: unlimited
maximum number of tasks: 18963
current number of tasks: 222

Steal ticks since vm start: 0
Steal ticks percentage since vm start:  0,000

CPU: total 8 (initial active 8) (4 cores per cpu, 2 threads per core) family 6 model 142 stepping 10 microcode 0xf4, cx8, cmov, fxsr, ht, mmx, 3dnowpref, sse, sse2, sse3, ssse3, sse4.1, sse4.2, popcnt, lzcnt, tsc, tscinvbit, avx, avx2, aes, erms, clmul, bmi1, bmi2, adx, fma, vzeroupper, clflush, clflushopt
CPU Model and flags from /proc/cpuinfo:
model name	: Intel(R) Core(TM) i7-8550U CPU @ 1.80GHz
flags		: fpu vme de pse tsc msr pae mce cx8 apic sep mtrr pge mca cmov pat pse36 clflush dts acpi mmx fxsr sse sse2 ss ht tm pbe syscall nx pdpe1gb rdtscp lm constant_tsc art arch_perfmon pebs bts rep_good nopl xtopology nonstop_tsc cpuid aperfmperf pni pclmulqdq dtes64 monitor ds_cpl vmx est tm2 ssse3 sdbg fma cx16 xtpr pdcm pcid sse4_1 sse4_2 x2apic movbe popcnt tsc_deadline_timer aes xsave avx f16c rdrand lahf_lm abm 3dnowprefetch cpuid_fault epb invpcid_single pti ssbd ibrs ibpb stibp tpr_shadow vnmi flexpriority ept vpid ept_ad fsgsbase tsc_adjust bmi1 avx2 smep bmi2 erms invpcid mpx rdseed adx smap clflushopt intel_pt xsaveopt xsavec xgetbv1 xsaves dtherm ida arat pln pts hwp hwp_notify hwp_act_window hwp_epp md_clear flush_l1d arch_capabilities

Online cpus: 0-7
Offline cpus: 
BIOS frequency limitation: <Not Available>
Frequency switch latency (ns): 0
Available cpu frequencies: <Not Available>
Current governor: powersave
Core performance/turbo boost: <Not Available>

Memory: 4k page, physical 16258760k(247860k free), swap 2097148k(496824k free)
Page Sizes: 4k

vm_info: OpenJDK 64-Bit Server VM (17.0.8.1+1-Ubuntu-0ubuntu122.04) for linux-amd64 JRE (17.0.8.1+1-Ubuntu-0ubuntu122.04), built on Aug 24 2023 23:23:28 by "buildd" with gcc 11.4.0

END.
